#
# There is insufficient memory for the Java Runtime Environment to continue.
# Native memory allocation (mmap) failed to map 66584576 bytes for committing reserved memory.
# Possible reasons:
#   The system is out of physical RAM or swap space
#   In 32 bit mode, the process size limit was hit
# Possible solutions:
#   Reduce memory load on the system
#   Increase physical memory or swap space
#   Check if swap backing store is full
#   Use 64 bit Java on a 64 bit OS
#   Decrease Java heap size (-Xmx/-Xms)
#   Decrease number of Java threads
#   Decrease Java thread stack sizes (-Xss)
#   Set larger code cache with -XX:ReservedCodeCacheSize=
# This output file may be truncated or incomplete.
#
#  Out of Memory Error (os_linux.cpp:2627), pid=17606, tid=0x00007f6544cfc700
#
# JRE version: Java(TM) SE Runtime Environment (8.0_121-b13) (build 1.8.0_121-b13)
# Java VM: Java HotSpot(TM) 64-Bit Server VM (25.121-b13 mixed mode linux-amd64 compressed oops)
# Failed to write core dump. Core dumps have been disabled. To enable core dumping, try "ulimit -c unlimited" before starting Java again
#

---------------  T H R E A D  ---------------

Current thread (0x00007f6554077800):  VMThread [stack: 0x00007f6544bfc000,0x00007f6544cfd000] [id=17618]

Stack: [0x00007f6544bfc000,0x00007f6544cfd000],  sp=0x00007f6544cfb220,  free space=1020k
Native frames: (J=compiled Java code, j=interpreted, Vv=VM code, C=native code)
V  [libjvm.so+0xac703a]  VMError::report_and_die()+0x2ba
V  [libjvm.so+0x4fc7eb]  report_vm_out_of_memory(char const*, int, unsigned long, VMErrorType, char const*)+0x8b
V  [libjvm.so+0x923c43]  os::Linux::commit_memory_impl(char*, unsigned long, bool)+0x103
V  [libjvm.so+0x924199]  os::pd_commit_memory(char*, unsigned long, unsigned long, bool)+0x29
V  [libjvm.so+0x91e4aa]  os::commit_memory(char*, unsigned long, unsigned long, bool)+0x2a
V  [libjvm.so+0x992f03]  PSVirtualSpace::expand_by(unsigned long)+0x53
V  [libjvm.so+0x994308]  PSYoungGen::resize_generation(unsigned long, unsigned long)+0xf8
V  [libjvm.so+0x993462]  PSYoungGen::resize(unsigned long, unsigned long)+0x22
V  [libjvm.so+0x99073b]  PSScavenge::invoke_no_policy()+0xf3b
V  [libjvm.so+0x990ec1]  PSScavenge::invoke()+0x41
V  [libjvm.so+0x947c10]  ParallelScavengeHeap::failed_mem_allocate(unsigned long)+0x70
V  [libjvm.so+0xac8a57]  VM_ParallelGCFailedAllocation::doit()+0x97
V  [libjvm.so+0xad0535]  VM_Operation::evaluate()+0x55
V  [libjvm.so+0xace90a]  VMThread::evaluate_operation(VM_Operation*)+0xba
V  [libjvm.so+0xacec8e]  VMThread::loop()+0x1ce
V  [libjvm.so+0xacf100]  VMThread::run()+0x70
V  [libjvm.so+0x926268]  java_start(Thread*)+0x108

VM_Operation (0x00007f655d3fe9b0): ParallelGCFailedAllocation, mode: safepoint, requested by thread 0x00007f6554009800


---------------  P R O C E S S  ---------------

Java Threads: ( => current thread )
  0x00007f6555363800 JavaThread "File lock request listener" [_thread_in_native, id=17638, stack(0x00007f650f777000,0x00007f650f878000)]
  0x00007f65553ab000 JavaThread "process reaper" daemon [_thread_blocked, id=17637, stack(0x00007f653c06c000,0x00007f653c0a5000)]
  0x00007f6554f1b800 JavaThread "pool-1-thread-1" [_thread_blocked, id=17634, stack(0x00007f650feff000,0x00007f6510000000)]
  0x00007f65540c1800 JavaThread "Service Thread" daemon [_thread_blocked, id=17625, stack(0x00007f654421c000,0x00007f654431d000)]
  0x00007f65540be800 JavaThread "C1 CompilerThread2" daemon [_thread_blocked, id=17624, stack(0x00007f654431d000,0x00007f654441e000)]
  0x00007f65540bc800 JavaThread "C2 CompilerThread1" daemon [_thread_blocked, id=17623, stack(0x00007f654441e000,0x00007f654451f000)]
  0x00007f65540b9800 JavaThread "C2 CompilerThread0" daemon [_thread_blocked, id=17622, stack(0x00007f654451f000,0x00007f6544620000)]
  0x00007f65540b8000 JavaThread "Signal Dispatcher" daemon [_thread_blocked, id=17621, stack(0x00007f6544620000,0x00007f6544721000)]
  0x00007f6554084000 JavaThread "Finalizer" daemon [_thread_blocked, id=17620, stack(0x00007f65449fa000,0x00007f6544afb000)]
  0x00007f655407f000 JavaThread "Reference Handler" daemon [_thread_blocked, id=17619, stack(0x00007f6544afb000,0x00007f6544bfc000)]
  0x00007f6554009800 JavaThread "main" [_thread_blocked, id=17613, stack(0x00007f655d307000,0x00007f655d408000)]

Other Threads:
=>0x00007f6554077800 VMThread [stack: 0x00007f6544bfc000,0x00007f6544cfd000] [id=17618]
  0x00007f65540c4800 WatcherThread [stack: 0x00007f654411b000,0x00007f654421c000] [id=17626]

VM state:at safepoint (normal execution)

VM Mutex/Monitor currently owned by a thread:  ([mutex/lock_event])
[0x00007f6554005f30] Threads_lock - owner thread: 0x00007f6554077800
[0x00007f6554006430] Heap_lock - owner thread: 0x00007f6554009800

Heap:
 PSYoungGen      total 119296K, used 9709K [0x00000000ebd80000, 0x00000000f4900000, 0x0000000100000000)
  eden space 109568K, 0% used [0x00000000ebd80000,0x00000000ebd80000,0x00000000f2880000)
  from space 9728K, 99% used [0x00000000f3600000,0x00000000f3f7b510,0x00000000f3f80000)
  to   space 6144K, 0% used [0x00000000f4300000,0x00000000f4300000,0x00000000f4900000)
 ParOldGen       total 37888K, used 12492K [0x00000000c3800000, 0x00000000c5d00000, 0x00000000ebd80000)
  object space 37888K, 32% used [0x00000000c3800000,0x00000000c44333f0,0x00000000c5d00000)
 Metaspace       used 33545K, capacity 34094K, committed 34560K, reserved 1079296K
  class space    used 4591K, capacity 4746K, committed 4864K, reserved 1048576K

Card table byte_map: [0x00007f6559ecb000,0x00007f655a0b0000] byte_map_base: 0x00007f65598af000

Marking Bits: (ParMarkBitMap*) 0x00007f655c7dac80
 Begin Bits: [0x00007f653e1c0000, 0x00007f653f0e0000)
 End Bits:   [0x00007f653f0e0000, 0x00007f6540000000)

Polling page: 0x00007f655d426000

CodeCache: size=245760Kb used=10561Kb max_used=10576Kb free=235198Kb
 bounds [0x00007f6545000000, 0x00007f6545a60000, 0x00007f6554000000]
 total_blobs=3679 nmethods=3020 adapters=572
 compilation: enabled

Compilation events (10 events):
Event: 11,304 Thread 0x00007f65540be800 3053  s    3       java.io.ByteArrayInputStream::available (10 bytes)
Event: 11,305 Thread 0x00007f65540be800 nmethod 3053 0x00007f6545a27210 code [0x00007f6545a27380, 0x00007f6545a27630]
Event: 11,305 Thread 0x00007f65540be800 3056       3       java.io.ByteArrayOutputStream::<init> (43 bytes)
Event: 11,305 Thread 0x00007f65540be800 nmethod 3056 0x00007f6545a26290 code [0x00007f6545a26480, 0x00007f6545a26df8]
Event: 11,305 Thread 0x00007f65540be800 3055       3       java.io.ByteArrayInputStream::mark (9 bytes)
Event: 11,306 Thread 0x00007f65540be800 nmethod 3055 0x00007f6545a25f90 code [0x00007f6545a260e0, 0x00007f6545a26230]
Event: 11,306 Thread 0x00007f65540be800 3054       3       java.math.BigInteger::<init> (81 bytes)
Event: 11,307 Thread 0x00007f65540be800 nmethod 3054 0x00007f6545a25350 code [0x00007f6545a25540, 0x00007f6545a25c58]
Event: 11,320 Thread 0x00007f65540bc800 nmethod 2658 0x00007f6545a1f9d0 code [0x00007f6545a1fbe0, 0x00007f6545a20b28]
Event: 11,327 Thread 0x00007f65540be800 3057       3       sun.security.util.DerInputStream::getLength (243 bytes)

GC Heap History (10 events):
Event: 2,320 GC heap after
Heap after GC invocations=3 (full 0):
 PSYoungGen      total 34304K, used 2544K [0x00000000ebd80000, 0x00000000f0080000, 0x0000000100000000)
  eden space 31744K, 0% used [0x00000000ebd80000,0x00000000ebd80000,0x00000000edc80000)
  from space 2560K, 99% used [0x00000000edc80000,0x00000000edefc050,0x00000000edf00000)
  to   space 2560K, 0% used [0x00000000efe00000,0x00000000efe00000,0x00000000f0080000)
 ParOldGen       total 42496K, used 3967K [0x00000000c3800000, 0x00000000c6180000, 0x00000000ebd80000)
  object space 42496K, 9% used [0x00000000c3800000,0x00000000c3bdfeb8,0x00000000c6180000)
 Metaspace       used 11122K, capacity 11408K, committed 11648K, reserved 1058816K
  class space    used 1537K, capacity 1608K, committed 1664K, reserved 1048576K
}
Event: 4,043 GC heap before
{Heap before GC invocations=4 (full 0):
 PSYoungGen      total 34304K, used 34288K [0x00000000ebd80000, 0x00000000f0080000, 0x0000000100000000)
  eden space 31744K, 100% used [0x00000000ebd80000,0x00000000edc80000,0x00000000edc80000)
  from space 2560K, 99% used [0x00000000edc80000,0x00000000edefc050,0x00000000edf00000)
  to   space 2560K, 0% used [0x00000000efe00000,0x00000000efe00000,0x00000000f0080000)
 ParOldGen       total 42496K, used 3967K [0x00000000c3800000, 0x00000000c6180000, 0x00000000ebd80000)
  object space 42496K, 9% used [0x00000000c3800000,0x00000000c3bdfeb8,0x00000000c6180000)
 Metaspace       used 16913K, capacity 17206K, committed 17280K, reserved 1064960K
  class space    used 2328K, capacity 2410K, committed 2432K, reserved 1048576K
Event: 4,069 GC heap after
Heap after GC invocations=4 (full 0):
 PSYoungGen      total 66048K, used 2544K [0x00000000ebd80000, 0x00000000f0080000, 0x0000000100000000)
  eden space 63488K, 0% used [0x00000000ebd80000,0x00000000ebd80000,0x00000000efb80000)
  from space 2560K, 99% used [0x00000000efe00000,0x00000000f007c030,0x00000000f0080000)
  to   space 2560K, 0% used [0x00000000efb80000,0x00000000efb80000,0x00000000efe00000)
 ParOldGen       total 42496K, used 9991K [0x00000000c3800000, 0x00000000c6180000, 0x00000000ebd80000)
  object space 42496K, 23% used [0x00000000c3800000,0x00000000c41c1f98,0x00000000c6180000)
 Metaspace       used 16913K, capacity 17206K, committed 17280K, reserved 1064960K
  class space    used 2328K, capacity 2410K, committed 2432K, reserved 1048576K
}
Event: 5,094 GC heap before
{Heap before GC invocations=5 (full 0):
 PSYoungGen      total 66048K, used 43994K [0x00000000ebd80000, 0x00000000f0080000, 0x0000000100000000)
  eden space 63488K, 65% used [0x00000000ebd80000,0x00000000ee5faaf8,0x00000000efb80000)
  from space 2560K, 99% used [0x00000000efe00000,0x00000000f007c030,0x00000000f0080000)
  to   space 2560K, 0% used [0x00000000efb80000,0x00000000efb80000,0x00000000efe00000)
 ParOldGen       total 42496K, used 9991K [0x00000000c3800000, 0x00000000c6180000, 0x00000000ebd80000)
  object space 42496K, 23% used [0x00000000c3800000,0x00000000c41c1f98,0x00000000c6180000)
 Metaspace       used 20820K, capacity 21060K, committed 21248K, reserved 1067008K
  class space    used 2873K, capacity 2965K, committed 3072K, reserved 1048576K
Event: 5,124 GC heap after
Heap after GC invocations=5 (full 0):
 PSYoungGen      total 66048K, used 2528K [0x00000000ebd80000, 0x00000000f4c80000, 0x0000000100000000)
  eden space 63488K, 0% used [0x00000000ebd80000,0x00000000ebd80000,0x00000000efb80000)
  from space 2560K, 98% used [0x00000000efb80000,0x00000000efdf8050,0x00000000efe00000)
  to   space 9728K, 0% used [0x00000000f4300000,0x00000000f4300000,0x00000000f4c80000)
 ParOldGen       total 42496K, used 14584K [0x00000000c3800000, 0x00000000c6180000, 0x00000000ebd80000)
  object space 42496K, 34% used [0x00000000c3800000,0x00000000c463e1f0,0x00000000c6180000)
 Metaspace       used 20820K, capacity 21060K, committed 21248K, reserved 1067008K
  class space    used 2873K, capacity 2965K, committed 3072K, reserved 1048576K
}
Event: 5,125 GC heap before
{Heap before GC invocations=6 (full 1):
 PSYoungGen      total 66048K, used 2528K [0x00000000ebd80000, 0x00000000f4c80000, 0x0000000100000000)
  eden space 63488K, 0% used [0x00000000ebd80000,0x00000000ebd80000,0x00000000efb80000)
  from space 2560K, 98% used [0x00000000efb80000,0x00000000efdf8050,0x00000000efe00000)
  to   space 9728K, 0% used [0x00000000f4300000,0x00000000f4300000,0x00000000f4c80000)
 ParOldGen       total 42496K, used 14584K [0x00000000c3800000, 0x00000000c6180000, 0x00000000ebd80000)
  object space 42496K, 34% used [0x00000000c3800000,0x00000000c463e1f0,0x00000000c6180000)
 Metaspace       used 20820K, capacity 21060K, committed 21248K, reserved 1067008K
  class space    used 2873K, capacity 2965K, committed 3072K, reserved 1048576K
Event: 5,194 GC heap after
Heap after GC invocations=6 (full 1):
 PSYoungGen      total 66048K, used 0K [0x00000000ebd80000, 0x00000000f4c80000, 0x0000000100000000)
  eden space 63488K, 0% used [0x00000000ebd80000,0x00000000ebd80000,0x00000000efb80000)
  from space 2560K, 0% used [0x00000000efb80000,0x00000000efb80000,0x00000000efe00000)
  to   space 9728K, 0% used [0x00000000f4300000,0x00000000f4300000,0x00000000f4c80000)
 ParOldGen       total 37888K, used 10124K [0x00000000c3800000, 0x00000000c5d00000, 0x00000000ebd80000)
  object space 37888K, 26% used [0x00000000c3800000,0x00000000c41e33e0,0x00000000c5d00000)
 Metaspace       used 20820K, capacity 21060K, committed 21248K, reserved 1067008K
  class space    used 2873K, capacity 2965K, committed 3072K, reserved 1048576K
}
Event: 6,564 GC heap before
{Heap before GC invocations=7 (full 1):
 PSYoungGen      total 66048K, used 63488K [0x00000000ebd80000, 0x00000000f4c80000, 0x0000000100000000)
  eden space 63488K, 100% used [0x00000000ebd80000,0x00000000efb80000,0x00000000efb80000)
  from space 2560K, 0% used [0x00000000efb80000,0x00000000efb80000,0x00000000efe00000)
  to   space 9728K, 0% used [0x00000000f4300000,0x00000000f4300000,0x00000000f4c80000)
 ParOldGen       total 37888K, used 10124K [0x00000000c3800000, 0x00000000c5d00000, 0x00000000ebd80000)
  object space 37888K, 26% used [0x00000000c3800000,0x00000000c41e33e0,0x00000000c5d00000)
 Metaspace       used 26368K, capacity 26846K, committed 27264K, reserved 1073152K
  class space    used 3689K, capacity 3867K, committed 3968K, reserved 1048576K
Event: 6,619 GC heap after
Heap after GC invocations=7 (full 1):
 PSYoungGen      total 115712K, used 6121K [0x00000000ebd80000, 0x00000000f4900000, 0x0000000100000000)
  eden space 109568K, 0% used [0x00000000ebd80000,0x00000000ebd80000,0x00000000f2880000)
  from space 6144K, 99% used [0x00000000f4300000,0x00000000f48fa578,0x00000000f4900000)
  to   space 9728K, 0% used [0x00000000f3600000,0x00000000f3600000,0x00000000f3f80000)
 ParOldGen       total 37888K, used 10196K [0x00000000c3800000, 0x00000000c5d00000, 0x00000000ebd80000)
  object space 37888K, 26% used [0x00000000c3800000,0x00000000c41f53f0,0x00000000c5d00000)
 Metaspace       used 26368K, capacity 26846K, committed 27264K, reserved 1073152K
  class space    used 3689K, capacity 3867K, committed 3968K, reserved 1048576K
}
Event: 11,339 GC heap before
{Heap before GC invocations=8 (full 1):
 PSYoungGen      total 115712K, used 115689K [0x00000000ebd80000, 0x00000000f4900000, 0x0000000100000000)
  eden space 109568K, 100% used [0x00000000ebd80000,0x00000000f2880000,0x00000000f2880000)
  from space 6144K, 99% used [0x00000000f4300000,0x00000000f48fa578,0x00000000f4900000)
  to   space 9728K, 0% used [0x00000000f3600000,0x00000000f3600000,0x00000000f3f80000)
 ParOldGen       total 37888K, used 10196K [0x00000000c3800000, 0x00000000c5d00000, 0x00000000ebd80000)
  object space 37888K, 26% used [0x00000000c3800000,0x00000000c41f53f0,0x00000000c5d00000)
 Metaspace       used 33545K, capacity 34094K, committed 34560K, reserved 1079296K
  class space    used 4591K, capacity 4746K, committed 4864K, reserved 1048576K

Deoptimization events (10 events):
Event: 8,608 Thread 0x00007f6554009800 Uncommon trap: reason=class_check action=maybe_recompile pc=0x00007f6545808ad8 method=java.security.MessageDigest$Delegate.engineUpdate([BII)V @ 7
Event: 8,608 Thread 0x00007f6554009800 Uncommon trap: reason=class_check action=maybe_recompile pc=0x00007f6545808ad8 method=java.security.MessageDigest$Delegate.engineUpdate([BII)V @ 7
Event: 9,411 Thread 0x00007f6554009800 Uncommon trap: reason=unstable_if action=reinterpret pc=0x00007f654555e98c method=java.util.HashMap.putVal(ILjava/lang/Object;Ljava/lang/Object;ZZ)Ljava/lang/Object; @ 162
Event: 9,411 Thread 0x00007f6554009800 Uncommon trap: reason=unstable_if action=reinterpret pc=0x00007f654570e958 method=java.util.HashMap.putVal(ILjava/lang/Object;Ljava/lang/Object;ZZ)Ljava/lang/Object; @ 162
Event: 9,411 Thread 0x00007f6554009800 Uncommon trap: reason=unstable_if action=reinterpret pc=0x00007f65452b9260 method=java.util.HashMap.resize()[Ljava/util/HashMap$Node; @ 206
Event: 10,903 Thread 0x00007f6554009800 Uncommon trap: reason=bimorphic action=maybe_recompile pc=0x00007f65456f1598 method=java.util.regex.Pattern$Start.match(Ljava/util/regex/Matcher;ILjava/lang/CharSequence;)Z @ 44
Event: 10,949 Thread 0x00007f6554009800 Uncommon trap: reason=bimorphic action=maybe_recompile pc=0x00007f65456f1598 method=java.util.regex.Pattern$Start.match(Ljava/util/regex/Matcher;ILjava/lang/CharSequence;)Z @ 44
Event: 10,949 Thread 0x00007f6554009800 Uncommon trap: reason=bimorphic action=maybe_recompile pc=0x00007f65456f1598 method=java.util.regex.Pattern$Start.match(Ljava/util/regex/Matcher;ILjava/lang/CharSequence;)Z @ 44
Event: 10,961 Thread 0x00007f6554009800 Uncommon trap: reason=bimorphic action=maybe_recompile pc=0x00007f65456f1598 method=java.util.regex.Pattern$Start.match(Ljava/util/regex/Matcher;ILjava/lang/CharSequence;)Z @ 44
Event: 11,317 Thread 0x00007f6554009800 Uncommon trap: reason=unstable_if action=reinterpret pc=0x00007f6545387f14 method=java.lang.StringCoding.decode(Ljava/lang/String;[BII)[C @ 51

Internal exceptions (10 events):
Event: 7,941 Thread 0x00007f6554009800 Exception <a 'java/lang/ClassNotFoundException': org/gradle/api/plugins/ObjectConfigurationActionBeanInfo> (0x00000000edc723e0) thrown at [/HUDSON3/workspace/8-2-build-linux-amd64/jdk8u121/8372/hotspot/src/share/vm/classfile/systemDictionary.cpp, line 210
Event: 7,942 Thread 0x00007f6554009800 Exception <a 'java/lang/ClassNotFoundException': org/gradle/api/plugins/ObjectConfigurationActionCustomizer> (0x00000000edc97168) thrown at [/HUDSON3/workspace/8-2-build-linux-amd64/jdk8u121/8372/hotspot/src/share/vm/classfile/systemDictionary.cpp, line 2
Event: 8,948 Thread 0x00007f6554009800 Exception <a 'java/lang/ClassNotFoundException': org/gradle/api/plugins/BasePluginConventionBeanInfo> (0x00000000ef3c0e08) thrown at [/HUDSON3/workspace/8-2-build-linux-amd64/jdk8u121/8372/hotspot/src/share/vm/classfile/systemDictionary.cpp, line 210]
Event: 8,950 Thread 0x00007f6554009800 Exception <a 'java/lang/ClassNotFoundException': org/gradle/api/plugins/BasePluginConventionCustomizer> (0x00000000ef3f2b40) thrown at [/HUDSON3/workspace/8-2-build-linux-amd64/jdk8u121/8372/hotspot/src/share/vm/classfile/systemDictionary.cpp, line 210]
Event: 10,212 Thread 0x00007f6554009800 Exception <a 'java/lang/ClassNotFoundException': org/gradle/api/plugins/JavaPluginConventionBeanInfo> (0x00000000f1657ca0) thrown at [/HUDSON3/workspace/8-2-build-linux-amd64/jdk8u121/8372/hotspot/src/share/vm/classfile/systemDictionary.cpp, line 210]
Event: 10,214 Thread 0x00007f6554009800 Exception <a 'java/lang/ClassNotFoundException': org/gradle/api/plugins/JavaPluginConventionCustomizer> (0x00000000f16899d8) thrown at [/HUDSON3/workspace/8-2-build-linux-amd64/jdk8u121/8372/hotspot/src/share/vm/classfile/systemDictionary.cpp, line 210]
Event: 10,923 Thread 0x00007f6554009800 Exception <a 'java/lang/ClassNotFoundException': com/android/build/gradle/internal/api/DefaultAndroidSourceSet_DecoratedBeanInfo> (0x00000000f221ff60) thrown at [/HUDSON3/workspace/8-2-build-linux-amd64/jdk8u121/8372/hotspot/src/share/vm/classfile/systemD
Event: 10,924 Thread 0x00007f6554009800 Exception <a 'java/lang/ClassNotFoundException': com/android/build/gradle/internal/api/DefaultAndroidSourceSetBeanInfo> (0x00000000f2234050) thrown at [/HUDSON3/workspace/8-2-build-linux-amd64/jdk8u121/8372/hotspot/src/share/vm/classfile/systemDictionary.
Event: 10,925 Thread 0x00007f6554009800 Exception <a 'java/lang/ClassNotFoundException': com/android/build/gradle/internal/api/DefaultAndroidSourceSetCustomizer> (0x00000000f22480e0) thrown at [/HUDSON3/workspace/8-2-build-linux-amd64/jdk8u121/8372/hotspot/src/share/vm/classfile/systemDictionar
Event: 10,928 Thread 0x00007f6554009800 Exception <a 'java/lang/ClassNotFoundException': com/android/build/gradle/internal/api/DefaultAndroidSourceSet_DecoratedCustomizer> (0x00000000f229b508) thrown at [/HUDSON3/workspace/8-2-build-linux-amd64/jdk8u121/8372/hotspot/src/share/vm/classfile/syste

Events (10 events):
Event: 11,316 Thread 0x00007f6554009800 Uncommon trap: trap_request=0xffffff65 fr.pc=0x00007f6545387f14
Event: 11,317 Thread 0x00007f6554009800 DEOPT PACKING pc=0x00007f6545387f14 sp=0x00007f655d3fdd10
Event: 11,320 Thread 0x00007f6554009800 DEOPT UNPACKING pc=0x00007f6545005229 sp=0x00007f655d3fdcc0 mode 2
Event: 11,320 loading class sun/nio/cs/US_ASCII$Decoder
Event: 11,320 loading class sun/nio/cs/US_ASCII$Decoder done
Event: 11,321 Executing VM operation: Deoptimize
Event: 11,322 Executing VM operation: Deoptimize done
Event: 11,323 loading class sun/security/pkcs/SignerInfo
Event: 11,325 loading class sun/security/pkcs/SignerInfo done
Event: 11,337 Executing VM operation: ParallelGCFailedAllocation


Dynamic libraries:
00400000-00401000 r-xp 00000000 08:02 3438341                            /usr/lib/jvm/java-8-oracle/bin/java
00600000-00601000 rw-p 00000000 08:02 3438341                            /usr/lib/jvm/java-8-oracle/bin/java
01932000-01953000 rw-p 00000000 00:00 0                                  [heap]
c3800000-c5d00000 rw-p 00000000 00:00 0 
c5d00000-ebd80000 ---p 00000000 00:00 0 
ebd80000-f4900000 rw-p 00000000 00:00 0 
f8880000-100000000 ---p 00000000 00:00 0 
100000000-1004c0000 rw-p 00000000 00:00 0 
1004c0000-140000000 ---p 00000000 00:00 0 
7f64fc000000-7f64fc021000 rw-p 00000000 00:00 0 
7f64fc021000-7f6500000000 ---p 00000000 00:00 0 
7f6500000000-7f6500021000 rw-p 00000000 00:00 0 
7f6500021000-7f6504000000 ---p 00000000 00:00 0 
7f6504000000-7f6504021000 rw-p 00000000 00:00 0 
7f6504021000-7f6508000000 ---p 00000000 00:00 0 
7f6508000000-7f6508021000 rw-p 00000000 00:00 0 
7f6508021000-7f650c000000 ---p 00000000 00:00 0 
7f650ecc0000-7f650edc0000 rw-p 00000000 00:00 0 
7f650edc0000-7f650eec0000 ---p 00000000 00:00 0 
7f650eec0000-7f650f0c0000 rw-p 00000000 00:00 0 
7f650f0c0000-7f650f2c0000 rw-p 00000000 00:00 0 
7f650f2c0000-7f650f2eb000 r--s 001fc000 08:02 2238098                    /home/robertj/.gradle/caches/modules-2/files-2.1/com.google.guava/guava/18.0/cce0823396aa693798f8882e64213b1772032b09/guava-18.0.jar
7f650f2eb000-7f650f2ec000 r--s 00001000 08:02 2238097                    /home/robertj/.gradle/caches/modules-2/files-2.1/com.android.tools/annotations/25.2.3/a9970f79003cbf4aaaf26a5590aca7066f209347/annotations-25.2.3.jar
7f650f2ec000-7f650f2ff000 r--s 000b2000 08:02 2238096                    /home/robertj/.gradle/caches/modules-2/files-2.1/com.android.tools.external.com-intellij/uast/145.597.4/6b430796bdb6563146affb34fb840c64e8d1d3b1/uast-145.597.4.jar
7f650f2ff000-7f650f307000 r--s 000a8000 08:02 2228685                    /home/robertj/.gradle/caches/modules-2/files-2.1/com.android.tools.external.lombok/lombok-ast/0.2.3/528b6f8bde3157f17530aa366631f2aad2a6cf9/lombok-ast-0.2.3.jar
7f650f307000-7f650f309000 r--s 0000d000 08:02 2228684                    /home/robertj/.gradle/caches/modules-2/files-2.1/commons-codec/commons-codec/1.4/4216af16d38465bbab0f3dff8efa14204f7a399a/commons-codec-1.4.jar
7f650f309000-7f650f30b000 r--s 0000d000 08:02 2228683                    /home/robertj/.gradle/caches/modules-2/files-2.1/commons-logging/commons-logging/1.1.1/5043bfebc3db072ed80fbd362e7caf00e885d8ae/commons-logging-1.1.1.jar
7f650f30b000-7f650f310000 r--s 00028000 08:02 2228682                    /home/robertj/.gradle/caches/modules-2/files-2.1/org.apache.httpcomponents/httpcore/4.1/33fc26c02f8043ab0ede19eadc8c9885386b255c/httpcore-4.1.jar
7f650f310000-7f650f314000 r--s 0002f000 08:02 2238095                    /home/robertj/.gradle/caches/modules-2/files-2.1/com.google.jimfs/jimfs/1.1/8fbd0579dc68aba6186935cc1bee21d2f3e7ec1c/jimfs-1.1.jar
7f650f314000-7f650f315000 r--s 00004000 08:02 2228681                    /home/robertj/.gradle/caches/modules-2/files-2.1/com.intellij/annotations/12.0/bbcf6448f6d40abe506e2c83b70a3e8bfd2b4539/annotations-12.0.jar
7f650f315000-7f650f316000 r--s 00004000 08:02 2238094                    /home/robertj/.gradle/caches/modules-2/files-2.1/org.ow2.asm/asm-analysis/5.0.4/51f5031331a56c462a3cc5126e21ab65958759a9/asm-analysis-5.0.4.jar
7f650f316000-7f650f31a000 r--s 0003b000 08:02 2238093                    /home/robertj/.gradle/caches/modules-2/files-2.1/com.android.tools.lint/lint-api/25.2.3/fb7afa11dcda11d5bf0fcd3dcfec3e13ee921057/lint-api-25.2.3.jar
7f650f31a000-7f650f31b000 r--s 0000a000 08:02 2228678                    /home/robertj/.gradle/caches/modules-2/files-2.1/net.sf.kxml/kxml2/2.3.0/ccbc77a5fd907ef863c29f3596c6f54ffa4e9442/kxml2-2.3.0.jar
7f650f31b000-7f650f31d000 r--s 00005000 08:02 2228676                    /home/robertj/.gradle/caches/modules-2/files-2.1/org.apache.httpcomponents/httpmime/4.1/9ba2dcdf94ce35c8a8e9bff242db0618ca932e92/httpmime-4.1.jar
7f650f31d000-7f650f325000 r--s 0004e000 08:02 2228675                    /home/robertj/.gradle/caches/modules-2/files-2.1/org.apache.httpcomponents/httpclient/4.1.1/3d1d918f32709e33ba7ddb2c4e8d1c543ebe713e/httpclient-4.1.1.jar
7f650f325000-7f650f32c000 r--s 00053000 08:02 2228674                    /home/robertj/.gradle/caches/modules-2/files-2.1/org.apache.commons/commons-compress/1.8.1/a698750c16740fd5b3871425f4cb3bbaa87f529d/commons-compress-1.8.1.jar
7f650f32c000-7f650f331000 r--s 0002a000 08:02 2228673                    /home/robertj/.gradle/caches/modules-2/files-2.1/com.google.code.gson/gson/2.2.4/a60a5e993c98c864010053cb901b7eab25306568/gson-2.2.4.jar
7f650f331000-7f650f336000 r--s 0002d000 08:02 2238092                    /home/robertj/.gradle/caches/modules-2/files-2.1/com.android.tools/repository/25.2.3/179dee8115834f40bd9b39675da3a0273174c3ca/repository-25.2.3.jar
7f650f336000-7f650f339000 r--s 00014000 08:02 2238090                    /home/robertj/.gradle/caches/modules-2/files-2.1/com.android.tools.layoutlib/layoutlib-api/25.2.3/ead9944caa7cba814184148efe69faf8896f4478/layoutlib-api-25.2.3.jar
7f650f339000-7f650f33d000 r--s 00037000 08:02 2238089                    /home/robertj/.gradle/caches/modules-2/files-2.1/org.antlr/ST4/4.0.8/a1c55e974f8a94d78e2348fa6ff63f4fa1fae64/ST4-4.0.8.jar
7f650f33d000-7f650f34d000 r--s 000d6000 08:02 2228669                    /home/robertj/.gradle/caches/modules-2/files-2.1/net.sf.proguard/proguard-base/5.2.1/4f61348b4e7c943b85679dcb697f3a5fc3101921/proguard-base-5.2.1.jar
7f650f34d000-7f650f364000 r--s 00154000 08:02 2238084                    /home/robertj/.gradle/caches/modules-2/files-2.1/org.antlr/antlr4/4.5.3/f35db7e4b2446e4174ba6a73db7bd6b3e6bb5da1/antlr4-4.5.3.jar
7f650f364000-7f650f377000 r--s 00236000 08:02 2238082                    /home/robertj/.gradle/caches/modules-2/files-2.1/org.eclipse.jdt.core.compiler/ecj/4.5.1/bee1367ac12fb6a20b422ff8711ebeb4f0a42316/ecj-4.5.1.jar
7f650f377000-7f650f577000 rw-p 00000000 00:00 0 
7f650f577000-7f650f777000 rw-p 00000000 00:00 0 
7f650f777000-7f650f77a000 ---p 00000000 00:00 0 
7f650f77a000-7f650fa78000 rw-p 00000000 00:00 0 
7f650fa78000-7f650fa79000 r--s 00005000 08:02 2238091                    /home/robertj/.gradle/caches/modules-2/files-2.1/com.android.tools/dvlib/25.2.3/5afd79f645811a98c0519141cc13900c659091a8/dvlib-25.2.3.jar
7f650fa79000-7f650fa7c000 r--s 00026000 08:02 2238088                    /home/robertj/.gradle/caches/modules-2/files-2.1/org.antlr/antlr-runtime/3.5.2/cd9cd41361c155f3af0f653009dcecb08d8b4afd/antlr-runtime-3.5.2.jar
7f650fa7c000-7f650fa81000 r--s 00058000 08:02 2238087                    /home/robertj/.gradle/caches/modules-2/files-2.1/org.ow2.asm/asm-debug-all/5.0.1/f69b5f7d96cec0d448acf1c1a266584170c9643b/asm-debug-all-5.0.1.jar
7f650fa81000-7f650fa84000 r--s 00033000 08:02 2238086                    /home/robertj/.gradle/caches/modules-2/files-2.1/com.googlecode.juniversalchardet/juniversalchardet/1.0.3/cd49678784c46aa8789c060538e0154013bb421b/juniversalchardet-1.0.3.jar
7f650fa84000-7f650fa88000 r--s 0002a000 08:02 2238085                    /home/robertj/.gradle/caches/modules-2/files-2.1/commons-io/commons-io/2.4/b1b6ea3b7e4aa4f492509a4952029cd8e48019ad/commons-io-2.4.jar
7f650fa88000-7f650fa89000 r--s 00002000 08:02 2238083                    /home/robertj/.gradle/caches/modules-2/files-2.1/com.android.databinding/baseLibrary/2.2.3/b4b51d1925cdfda98fd861230c1ecb5855500129/baseLibrary-2.2.3.jar
7f650fa89000-7f650fa90000 r--s 000c3000 08:02 2238081                    /home/robertj/.gradle/caches/modules-2/files-2.1/com.android.tools.lint/lint-checks/25.2.3/eae71c1f5ce54195dc821133e3a5df8145de8ff5/lint-checks-25.2.3.jar
7f650fa90000-7f650fa92000 r--s 00006000 08:02 2238080                    /home/robertj/.gradle/caches/modules-2/files-2.1/org.ow2.asm/asm-tree/5.0.4/396ce0c07ba2b481f25a70195c7c94922f0d1b0b/asm-tree-5.0.4.jar
7f650fa92000-7f650fac5000 r--s 00203000 08:02 2228622                    /home/robertj/.gradle/caches/modules-2/files-2.1/org.bouncycastle/bcprov-jdk15on/1.48/960dea7c9181ba0b17e8bab0c06a43f0a5f04e65/bcprov-jdk15on-1.48.jar
7f650fac5000-7f650fad3000 r--s 00081000 08:02 2228621                    /home/robertj/.gradle/caches/modules-2/files-2.1/org.bouncycastle/bcpkix-jdk15on/1.48/28b7614b908a47844bb27e3c94b45b6893656265/bcpkix-jdk15on-1.48.jar
7f650fad3000-7f650fad5000 r--s 00002000 08:02 2228618                    /home/robertj/.gradle/caches/modules-2/files-2.1/com.squareup/javawriter/2.5.0/81241ff7078ef14f42ea2a8995fa09c096256e6b/javawriter-2.5.0.jar
7f650fad5000-7f650fad6000 r--s 00002000 08:02 2238079                    /home/robertj/.gradle/caches/modules-2/files-2.1/com.android.tools.analytics-library/tracker/25.2.3/c807f7b3d9aa3cee795ecac620d22c5ca7dd92e1/tracker-25.2.3.jar
7f650fad6000-7f650fad8000 r--s 00003000 08:02 2238078                    /home/robertj/.gradle/caches/modules-2/files-2.1/com.android.tools.analytics-library/shared/25.2.3/785426dac20cfe596e4cf36d01aad930ffdcb05c/shared-25.2.3.jar
7f650fad8000-7f650fae5000 r--s 000ed000 08:02 2238077                    /home/robertj/.gradle/caches/modules-2/files-2.1/com.android.tools.analytics-library/protos/25.2.3/821098054f9667d0f2536d7f2d0200d8bdd9c898/protos-25.2.3.jar
7f650fae5000-7f650fae7000 r--s 00003000 08:02 2238075                    /home/robertj/.gradle/caches/modules-2/files-2.1/com.android.tools.jack/jack-api/0.11.0/ccda6afebd2b9cf60886c601ea561bba62c35c70/jack-api-0.11.0.jar
7f650fae7000-7f650faec000 r--s 0004a000 08:02 2238074                    /home/robertj/.gradle/caches/modules-2/files-2.1/com.android.tools.ddms/ddmlib/25.2.3/2b66df9156f476b0ccee44b378cd09073118ff59/ddmlib-25.2.3.jar
7f650faec000-7f650faf4000 r--s 00084000 08:02 2238071                    /home/robertj/.gradle/caches/modules-2/files-2.1/com.android.tools/sdk-common/25.2.3/2c49ca3df5bb961473b096bab2a615a7cda50dc/sdk-common-25.2.3.jar
7f650faf4000-7f650faff000 r--s 0008e000 08:02 2238070                    /home/robertj/.gradle/caches/modules-2/files-2.1/com.android.tools/sdklib/25.2.3/9f12cfc56b1df4e42fa2b73f9936b586b9a56a2/sdklib-25.2.3.jar
7f650faff000-7f650fcff000 rw-p 00000000 00:00 0 
7f650fcff000-7f650feff000 rw-p 00000000 00:00 0 
7f650feff000-7f650ff02000 ---p 00000000 00:00 0 
7f650ff02000-7f6510000000 rw-p 00000000 00:00 0 
7f6510000000-7f6510955000 rw-p 00000000 00:00 0 
7f6510955000-7f6514000000 ---p 00000000 00:00 0 
7f6514000000-7f6514021000 rw-p 00000000 00:00 0 
7f6514021000-7f6518000000 ---p 00000000 00:00 0 
7f6518000000-7f6519dd8000 rw-p 00000000 00:00 0 
7f6519dd8000-7f651c000000 ---p 00000000 00:00 0 
7f651c000000-7f651db1f000 rw-p 00000000 00:00 0 
7f651db1f000-7f6520000000 ---p 00000000 00:00 0 
7f6520000000-7f6520021000 rw-p 00000000 00:00 0 
7f6520021000-7f6524000000 ---p 00000000 00:00 0 
7f6524000000-7f6524021000 rw-p 00000000 00:00 0 
7f6524021000-7f6528000000 ---p 00000000 00:00 0 
7f6528000000-7f65282c0000 rw-p 00000000 00:00 0 
7f65282c0000-7f652c000000 ---p 00000000 00:00 0 
7f652c000000-7f652c021000 rw-p 00000000 00:00 0 
7f652c021000-7f6530000000 ---p 00000000 00:00 0 
7f6530000000-7f653003d000 rw-p 00000000 00:00 0 
7f653003d000-7f6534000000 ---p 00000000 00:00 0 
7f6534000000-7f6534021000 rw-p 00000000 00:00 0 
7f6534021000-7f6538000000 ---p 00000000 00:00 0 
7f6538000000-7f6538021000 rw-p 00000000 00:00 0 
7f6538021000-7f653c000000 ---p 00000000 00:00 0 
7f653c000000-7f653c001000 r--s 00001000 08:02 2238076                    /home/robertj/.gradle/caches/modules-2/files-2.1/com.android.tools.jill/jill-api/0.10.0/7dfd6360ae4af1e171ec67b92e0cf065d59eef19/jill-api-0.10.0.jar
7f653c001000-7f653c004000 r--s 00021000 08:02 2238073                    /home/robertj/.gradle/caches/modules-2/files-2.1/com.android.tools.build/manifest-merger/25.2.3/d0212c507be4c38c39f4ee06a7df5a44f500ed3b/manifest-merger-25.2.3.jar
7f653c004000-7f653c006000 r--s 0001c000 08:02 2238072                    /home/robertj/.gradle/caches/modules-2/files-2.1/com.android.tools/common/25.2.3/255aa01048bebb511d828c6a5fc668df13b8f39d/common-25.2.3.jar
7f653c006000-7f653c007000 r--s 00002000 08:02 2238069                    /home/robertj/.gradle/caches/modules-2/files-2.1/com.android.tools.build/builder-test-api/2.2.3/700079fc243c217dbd6250ac01d2d6210ca8a0d6/builder-test-api-2.2.3.jar
7f653c007000-7f653c00a000 r--s 00005000 08:02 2238068                    /home/robertj/.gradle/caches/modules-2/files-2.1/com.android.tools.build/builder-model/2.2.3/eddf6035ce0a31651527b4c3cc239428e877c43a/builder-model-2.2.3.jar
7f653c00a000-7f653c014000 r--s 00110000 08:02 2238067                    /home/robertj/.gradle/caches/modules-2/files-2.1/org.antlr/antlr/3.5.2/c4a65c950bfc3e7d04309c515b2177c00baf7764/antlr-3.5.2.jar
7f653c014000-7f653c01c000 r--s 0007b000 08:02 2238066                    /home/robertj/.gradle/caches/modules-2/files-2.1/com.google.protobuf/protobuf-java/2.5.0/a10732c76bfacdbd633a7eb0f7968b1059a65dfa/protobuf-java-2.5.0.jar
7f653c01c000-7f653c01e000 r--s 0000f000 08:02 2238065                    /home/robertj/.gradle/caches/modules-2/files-2.1/net.sf.jopt-simple/jopt-simple/4.9/ee9e9eaa0a35360dcfeac129ff4923215fd65904/jopt-simple-4.9.jar
7f653c01e000-7f653c022000 r--s 0001f000 08:02 2238064                    /home/robertj/.gradle/caches/modules-2/files-2.1/org.jacoco/org.jacoco.report/0.7.5.201505241946/cb1ac5562a45c98cd7b774452f3e8b867b71cd65/org.jacoco.report-0.7.5.201505241946.jar
7f653c022000-7f653c026000 r--s 0001d000 08:02 2238063                    /home/robertj/.gradle/caches/modules-2/files-2.1/org.jacoco/org.jacoco.core/0.7.5.201505241946/1ea906dc5201d2a1bc0604f8650534d4bcaf4c95/org.jacoco.core-0.7.5.201505241946.jar
7f653c026000-7f653c027000 r--s 00002000 08:02 2228570                    /home/robertj/.gradle/caches/modules-2/files-2.1/net.sf.proguard/proguard-gradle/5.2.1/5e9956c050fd84fa043517e77c4c0ff175a6b002/proguard-gradle-5.2.1.jar
7f653c027000-7f653c029000 r--s 00009000 08:02 2238062                    /home/robertj/.gradle/caches/modules-2/files-2.1/org.ow2.asm/asm-commons/5.0.4/5a556786086c23cd689a0328f8519db93821c04c/asm-commons-5.0.4.jar
7f653c029000-7f653c02b000 r--s 0000c000 08:02 2238061                    /home/robertj/.gradle/caches/modules-2/files-2.1/org.ow2.asm/asm/5.0.4/da08b8cce7bbf903602a25a3a163ae252435795/asm-5.0.4.jar
7f653c02b000-7f653c02f000 r--s 0002b000 08:02 2238060                    /home/robertj/.gradle/caches/modules-2/files-2.1/com.android.databinding/compilerCommon/2.2.3/8c3829022a54acd042b5382a4a873ee2d64c29ee/compilerCommon-2.2.3.jar
7f653c02f000-7f653c030000 r--s 00002000 08:02 2238059                    /home/robertj/.gradle/caches/modules-2/files-2.1/com.android.tools.build/gradle-api/2.2.3/9a45614f789d4aab624d2a61983263885f42b615/gradle-api-2.2.3.jar
7f653c030000-7f653c031000 r--s 00000000 08:02 2238058                    /home/robertj/.gradle/caches/modules-2/files-2.1/com.android.tools.build/transform-api/2.0.0-deprecated-use-gradle-api/85bee1acea9e27152b920746c68133b30b11431/transform-api-2.0.0-deprecated-use-gradle-api.jar
7f653c031000-7f653c036000 r--s 00053000 08:02 2238057                    /home/robertj/.gradle/caches/modules-2/files-2.1/com.android.tools.lint/lint/25.2.3/aa03a3669f2913b9bc6f5f4fba4418f974e48cb7/lint-25.2.3.jar
7f653c036000-7f653c04d000 r--s 0015e000 08:02 2238056                    /home/robertj/.gradle/caches/modules-2/files-2.1/com.android.tools.build/builder/2.2.3/13e7339544e824a3a5f8ecff42173c013791578b/builder-2.2.3.jar
7f653c04d000-7f653c06a000 r--s 0019d000 08:02 2238055                    /home/robertj/.gradle/caches/modules-2/files-2.1/com.android.tools.build/gradle-core/2.2.3/3a777b0626810e0ccdced7d750ac4b60c279616c/gradle-core-2.2.3.jar
7f653c06a000-7f653c06c000 r--s 0000d000 08:02 2238054                    /home/robertj/.gradle/caches/modules-2/files-2.1/com.android.tools.build/gradle/2.2.3/7b8f79621d95e3ce1e95c0852db14d9d7e1d1951/gradle-2.2.3.jar
7f653c06c000-7f653c06f000 ---p 00000000 00:00 0 
7f653c06f000-7f653c0a5000 rw-p 00000000 00:00 0 
7f653c0a5000-7f653c0a6000 r--p 00000000 00:00 0 
7f653c0a6000-7f653c2a6000 rw-p 00000000 00:00 0 
7f653c2a6000-7f653c4a6000 rw-p 00000000 00:00 0 
7f653c4a6000-7f653c520000 r--s 010f6000 08:02 3417584                    /usr/lib/jvm/java-8-oracle/lib/tools.jar
7f653c520000-7f653c720000 rw-p 00000000 00:00 0 
7f653c720000-7f653c722000 r--s 00007000 08:02 4066424                    /home/robertj/.gradle/wrapper/dists/gradle-2.14.1-all/8bnwg5hd3w55iofp58khbp6yv/gradle-2.14.1/lib/plugins/gradle-tooling-api-builders-2.14.1.jar
7f653c722000-7f653c725000 r--s 00008000 08:02 4066417                    /home/robertj/.gradle/wrapper/dists/gradle-2.14.1-all/8bnwg5hd3w55iofp58khbp6yv/gradle-2.14.1/lib/plugins/gradle-testing-native-2.14.1.jar
7f653c725000-7f653c727000 r--s 00009000 08:02 4070095                    /home/robertj/.gradle/wrapper/dists/gradle-2.14.1-all/8bnwg5hd3w55iofp58khbp6yv/gradle-2.14.1/lib/plugins/hamcrest-core-1.3.jar
7f653c727000-7f653c72d000 r--s 00033000 08:02 4070089                    /home/robertj/.gradle/wrapper/dists/gradle-2.14.1-all/8bnwg5hd3w55iofp58khbp6yv/gradle-2.14.1/lib/plugins/snakeyaml-1.6.jar
7f653c72d000-7f653c72f000 r--s 00006000 08:02 4070088                    /home/robertj/.gradle/wrapper/dists/gradle-2.14.1-all/8bnwg5hd3w55iofp58khbp6yv/gradle-2.14.1/lib/plugins/jcommander-1.12.jar
7f653c72f000-7f653c734000 r--s 00040000 08:02 4070087                    /home/robertj/.gradle/wrapper/dists/gradle-2.14.1-all/8bnwg5hd3w55iofp58khbp6yv/gradle-2.14.1/lib/plugins/bsh-2.0b4.jar
7f653c734000-7f653c73d000 r--s 00089000 08:02 4066447                    /home/robertj/.gradle/wrapper/dists/gradle-2.14.1-all/8bnwg5hd3w55iofp58khbp6yv/gradle-2.14.1/lib/plugins/testng-6.3.1.jar
7f653c73d000-7f653c745000 r--s 00045000 08:02 4066446                    /home/robertj/.gradle/wrapper/dists/gradle-2.14.1-all/8bnwg5hd3w55iofp58khbp6yv/gradle-2.14.1/lib/plugins/junit-4.12.jar
7f653c745000-7f653c74b000 r--s 0002e000 08:02 4066418                    /home/robertj/.gradle/wrapper/dists/gradle-2.14.1-all/8bnwg5hd3w55iofp58khbp6yv/gradle-2.14.1/lib/plugins/gradle-testing-jvm-2.14.1.jar
7f653c74b000-7f653c750000 r--s 00015000 08:02 4066416                    /home/robertj/.gradle/wrapper/dists/gradle-2.14.1-all/8bnwg5hd3w55iofp58khbp6yv/gradle-2.14.1/lib/plugins/gradle-testing-base-2.14.1.jar
7f653c750000-7f653c751000 r--s 00002000 08:02 4066440                    /home/robertj/.gradle/wrapper/dists/gradle-2.14.1-all/8bnwg5hd3w55iofp58khbp6yv/gradle-2.14.1/lib/plugins/sonar-batch-bootstrapper-2.9.jar
7f653c751000-7f653c754000 r--s 00015000 08:02 4066394                    /home/robertj/.gradle/wrapper/dists/gradle-2.14.1-all/8bnwg5hd3w55iofp58khbp6yv/gradle-2.14.1/lib/plugins/gradle-sonar-2.14.1.jar
7f653c754000-7f653c75b000 r--s 00038000 08:02 4066441                    /home/robertj/.gradle/wrapper/dists/gradle-2.14.1-all/8bnwg5hd3w55iofp58khbp6yv/gradle-2.14.1/lib/plugins/bcpg-jdk15on-1.51.jar
7f653c75b000-7f653c75d000 r--s 0000d000 08:02 4066395                    /home/robertj/.gradle/wrapper/dists/gradle-2.14.1-all/8bnwg5hd3w55iofp58khbp6yv/gradle-2.14.1/lib/plugins/gradle-signing-2.14.1.jar
7f653c75d000-7f653c760000 r--s 00009000 08:02 4066393                    /home/robertj/.gradle/wrapper/dists/gradle-2.14.1-all/8bnwg5hd3w55iofp58khbp6yv/gradle-2.14.1/lib/plugins/gradle-scala-2.14.1.jar
7f653c760000-7f653c761000 r--s 00004000 08:02 4066422                    /home/robertj/.gradle/wrapper/dists/gradle-2.14.1-all/8bnwg5hd3w55iofp58khbp6yv/gradle-2.14.1/lib/plugins/gradle-resources-sftp-2.14.1.jar
7f653c761000-7f653c771000 r--s 00088000 08:02 4066457                    /home/robertj/.gradle/wrapper/dists/gradle-2.14.1-all/8bnwg5hd3w55iofp58khbp6yv/gradle-2.14.1/lib/plugins/joda-time-2.8.2.jar
7f653c771000-7f653c782000 r--s 000cf000 08:02 4066456                    /home/robertj/.gradle/wrapper/dists/gradle-2.14.1-all/8bnwg5hd3w55iofp58khbp6yv/gradle-2.14.1/lib/plugins/jackson-databind-2.3.2.jar
7f653c782000-7f653c784000 r--s 00007000 08:02 4066455                    /home/robertj/.gradle/wrapper/dists/gradle-2.14.1-all/8bnwg5hd3w55iofp58khbp6yv/gradle-2.14.1/lib/plugins/jackson-annotations-2.3.2.jar
7f653c784000-7f653c787000 r--s 0002e000 08:02 4066454                    /home/robertj/.gradle/wrapper/dists/gradle-2.14.1-all/8bnwg5hd3w55iofp58khbp6yv/gradle-2.14.1/lib/plugins/jackson-core-2.3.2.jar
7f653c787000-7f653c792000 r--s 0006b000 08:02 4066453                    /home/robertj/.gradle/wrapper/dists/gradle-2.14.1-all/8bnwg5hd3w55iofp58khbp6yv/gradle-2.14.1/lib/plugins/aws-java-sdk-core-1.9.19.jar
7f653c792000-7f653c798000 r--s 00036000 08:02 4066452                    /home/robertj/.gradle/wrapper/dists/gradle-2.14.1-all/8bnwg5hd3w55iofp58khbp6yv/gradle-2.14.1/lib/plugins/aws-java-sdk-kms-1.9.19.jar
7f653c798000-7f653c7a3000 r--s 00079000 08:02 4066451                    /home/robertj/.gradle/wrapper/dists/gradle-2.14.1-all/8bnwg5hd3w55iofp58khbp6yv/gradle-2.14.1/lib/plugins/aws-java-sdk-s3-1.9.19.jar
7f653c7a3000-7f653c7a4000 r--s 00003000 08:02 4066423                    /home/robertj/.gradle/wrapper/dists/gradle-2.14.1-all/8bnwg5hd3w55iofp58khbp6yv/gradle-2.14.1/lib/plugins/gradle-resources-s3-2.14.1.jar
7f653c7a4000-7f653c7a6000 r--s 00005000 08:02 4066445                    /home/robertj/.gradle/wrapper/dists/gradle-2.14.1-all/8bnwg5hd3w55iofp58khbp6yv/gradle-2.14.1/lib/plugins/jatl-0.2.2.jar
7f653c7a6000-7f653c7a8000 r--s 0000f000 08:02 4066400                    /home/robertj/.gradle/wrapper/dists/gradle-2.14.1-all/8bnwg5hd3w55iofp58khbp6yv/gradle-2.14.1/lib/plugins/gradle-reporting-2.14.1.jar
7f653c7a8000-7f653c7aa000 r--s 00002000 08:02 4066401                    /home/robertj/.gradle/wrapper/dists/gradle-2.14.1-all/8bnwg5hd3w55iofp58khbp6yv/gradle-2.14.1/lib/plugins/gradle-publish-2.14.1.jar
7f653c7aa000-7f653c7ac000 r--s 00009000 08:02 4066427                    /home/robertj/.gradle/wrapper/dists/gradle-2.14.1-all/8bnwg5hd3w55iofp58khbp6yv/gradle-2.14.1/lib/plugins/commons-cli-1.2.jar
7f653c7ac000-7f653c7b2000 r--s 00033000 08:02 4066385                    /home/robertj/.gradle/wrapper/dists/gradle-2.14.1-all/8bnwg5hd3w55iofp58khbp6yv/gradle-2.14.1/lib/plugins/gradle-plugins-2.14.1.jar
7f653c7b2000-7f653c7b4000 r--s 00007000 08:02 4066419                    /home/robertj/.gradle/wrapper/dists/gradle-2.14.1-all/8bnwg5hd3w55iofp58khbp6yv/gradle-2.14.1/lib/plugins/gradle-plugin-development-2.14.1.jar
7f653c7b4000-7f653c7ba000 r--s 0002a000 08:02 4066412                    /home/robertj/.gradle/wrapper/dists/gradle-2.14.1-all/8bnwg5hd3w55iofp58khbp6yv/gradle-2.14.1/lib/plugins/gradle-platform-play-2.14.1.jar
7f653c7ba000-7f653c7c7000 r--s 0004d000 08:02 4066411                    /home/robertj/.gradle/wrapper/dists/gradle-2.14.1-all/8bnwg5hd3w55iofp58khbp6yv/gradle-2.14.1/lib/plugins/gradle-platform-native-2.14.1.jar
7f653c7c7000-7f653c7cb000 r--s 0001a000 08:02 4066406                    /home/robertj/.gradle/wrapper/dists/gradle-2.14.1-all/8bnwg5hd3w55iofp58khbp6yv/gradle-2.14.1/lib/plugins/gradle-platform-jvm-2.14.1.jar
7f653c7cb000-7f653c7d2000 r--s 00029000 08:02 4066405                    /home/robertj/.gradle/wrapper/dists/gradle-2.14.1-all/8bnwg5hd3w55iofp58khbp6yv/gradle-2.14.1/lib/plugins/gradle-platform-base-2.14.1.jar
7f653c7d2000-7f653c7f3000 r--s 001c3000 08:02 4066435                    /home/robertj/.gradle/wrapper/dists/gradle-2.14.1-all/8bnwg5hd3w55iofp58khbp6yv/gradle-2.14.1/lib/plugins/bndlib-2.4.0.jar
7f653c7f3000-7f653c7f5000 r--s 00003000 08:02 4066389                    /home/robertj/.gradle/wrapper/dists/gradle-2.14.1-all/8bnwg5hd3w55iofp58khbp6yv/gradle-2.14.1/lib/plugins/gradle-osgi-2.14.1.jar
7f653c7f5000-7f653c7f8000 r--s 0000c000 08:02 4066438                    /home/robertj/.gradle/wrapper/dists/gradle-2.14.1-all/8bnwg5hd3w55iofp58khbp6yv/gradle-2.14.1/lib/plugins/pmaven-groovy-0.8-20100325.jar
7f653c7f8000-7f653c7f9000 r--s 00004000 08:02 4066437                    /home/robertj/.gradle/wrapper/dists/gradle-2.14.1-all/8bnwg5hd3w55iofp58khbp6yv/gradle-2.14.1/lib/plugins/pmaven-common-0.8-20100325.jar
7f653c7f9000-7f653c7ff000 r--s 00022000 08:02 4066390                    /home/robertj/.gradle/wrapper/dists/gradle-2.14.1-all/8bnwg5hd3w55iofp58khbp6yv/gradle-2.14.1/lib/plugins/gradle-maven-2.14.1.jar
7f653c7ff000-7f653c801000 r--s 0000a000 08:02 4066410                    /home/robertj/.gradle/wrapper/dists/gradle-2.14.1-all/8bnwg5hd3w55iofp58khbp6yv/gradle-2.14.1/lib/plugins/gradle-language-scala-2.14.1.jar
7f653c801000-7f653c807000 r--s 0001a000 08:02 4066414                    /home/robertj/.gradle/wrapper/dists/gradle-2.14.1-all/8bnwg5hd3w55iofp58khbp6yv/gradle-2.14.1/lib/plugins/gradle-language-native-2.14.1.jar
7f653c807000-7f653c809000 r--s 00008000 08:02 4066407                    /home/robertj/.gradle/wrapper/dists/gradle-2.14.1-all/8bnwg5hd3w55iofp58khbp6yv/gradle-2.14.1/lib/plugins/gradle-language-jvm-2.14.1.jar
7f653c809000-7f653c80f000 r--s 00024000 08:02 4066408                    /home/robertj/.gradle/wrapper/dists/gradle-2.14.1-all/8bnwg5hd3w55iofp58khbp6yv/gradle-2.14.1/lib/plugins/gradle-language-java-2.14.1.jar
7f653c80f000-7f653c811000 r--s 0000a000 08:02 4066409                    /home/robertj/.gradle/wrapper/dists/gradle-2.14.1-all/8bnwg5hd3w55iofp58khbp6yv/gradle-2.14.1/lib/plugins/gradle-language-groovy-2.14.1.jar
7f653c811000-7f653c814000 r--s 0001e000 08:02 4066463                    /home/robertj/.gradle/wrapper/dists/gradle-2.14.1-all/8bnwg5hd3w55iofp58khbp6yv/gradle-2.14.1/lib/plugins/jsp-api-2.1-6.1.14.jar
7f653c814000-7f653c837000 r--s 00344000 08:02 4066462                    /home/robertj/.gradle/wrapper/dists/gradle-2.14.1-all/8bnwg5hd3w55iofp58khbp6yv/gradle-2.14.1/lib/plugins/core-3.1.1.jar
7f653c837000-7f653c838000 r--s 00006000 08:02 4066461                    /home/robertj/.gradle/wrapper/dists/gradle-2.14.1-all/8bnwg5hd3w55iofp58khbp6yv/gradle-2.14.1/lib/plugins/jetty-naming-6.1.25.jar
7f653c838000-7f653c839000 r--s 00002000 08:02 4066434                    /home/robertj/.gradle/wrapper/dists/gradle-2.14.1-all/8bnwg5hd3w55iofp58khbp6yv/gradle-2.14.1/lib/plugins/geronimo-annotation_1.0_spec-1.0.jar
7f653c839000-7f653c83b000 r--s 00002000 08:02 4066433                    /home/robertj/.gradle/wrapper/dists/gradle-2.14.1-all/8bnwg5hd3w55iofp58khbp6yv/gradle-2.14.1/lib/plugins/jetty-annotations-6.1.25.jar
7f653c83b000-7f653c84c000 r--s 000ea000 08:02 4066432                    /home/robertj/.gradle/wrapper/dists/gradle-2.14.1-all/8bnwg5hd3w55iofp58khbp6yv/gradle-2.14.1/lib/plugins/jsp-2.1-6.1.14.jar
7f653c84c000-7f653c84e000 r--s 0000d000 08:02 4066431                    /home/robertj/.gradle/wrapper/dists/gradle-2.14.1-all/8bnwg5hd3w55iofp58khbp6yv/gradle-2.14.1/lib/plugins/jetty-plus-6.1.25.jar
7f653c84e000-7f653c850000 r--s 0001f000 08:02 4066430                    /home/robertj/.gradle/wrapper/dists/gradle-2.14.1-all/8bnwg5hd3w55iofp58khbp6yv/gradle-2.14.1/lib/plugins/servlet-api-2.5-20081211.jar
7f653c850000-7f653c854000 r--s 00028000 08:02 4066429                    /home/robertj/.gradle/wrapper/dists/gradle-2.14.1-all/8bnwg5hd3w55iofp58khbp6yv/gradle-2.14.1/lib/plugins/jetty-util-6.1.25.jar
7f653c854000-7f653c85b000 r--s 0007d000 08:02 4066428                    /home/robertj/.gradle/wrapper/dists/gradle-2.14.1-all/8bnwg5hd3w55iofp58khbp6yv/gradle-2.14.1/lib/plugins/jetty-6.1.25.jar
7f653c85b000-7f653c85d000 r--s 00009000 08:02 4066387                    /home/robertj/.gradle/wrapper/dists/gradle-2.14.1-all/8bnwg5hd3w55iofp58khbp6yv/gradle-2.14.1/lib/plugins/gradle-jetty-2.14.1.jar
7f653c85d000-7f653c864000 r--s 00035000 08:02 4066444                    /home/robertj/.gradle/wrapper/dists/gradle-2.14.1-all/8bnwg5hd3w55iofp58khbp6yv/gradle-2.14.1/lib/plugins/simple-4.1.21.jar
7f653c864000-7f653c870000 r--s 00100000 08:02 4066442                    /home/robertj/.gradle/wrapper/dists/gradle-2.14.1-all/8bnwg5hd3w55iofp58khbp6yv/gradle-2.14.1/lib/plugins/rhino-1.7R3.jar
7f653c870000-7f653c874000 r--s 00011000 08:02 4066397                    /home/robertj/.gradle/wrapper/dists/gradle-2.14.1-all/8bnwg5hd3w55iofp58khbp6yv/gradle-2.14.1/lib/plugins/gradle-javascript-2.14.1.jar
7f653c874000-7f653c876000 r--s 0000c000 08:02 4066403                    /home/robertj/.gradle/wrapper/dists/gradle-2.14.1-all/8bnwg5hd3w55iofp58khbp6yv/gradle-2.14.1/lib/plugins/gradle-jacoco-2.14.1.jar
7f653c876000-7f653c879000 r--s 0000e000 08:02 4066402                    /home/robertj/.gradle/wrapper/dists/gradle-2.14.1-all/8bnwg5hd3w55iofp58khbp6yv/gradle-2.14.1/lib/plugins/gradle-ivy-2.14.1.jar
7f653c879000-7f653c87a000 r--s 00002000 08:02 4066413                    /home/robertj/.gradle/wrapper/dists/gradle-2.14.1-all/8bnwg5hd3w55iofp58khbp6yv/gradle-2.14.1/lib/plugins/gradle-ide-play-2.14.1.jar
7f653c87a000-7f653c87f000 r--s 0002b000 08:02 4066415                    /home/robertj/.gradle/wrapper/dists/gradle-2.14.1-all/8bnwg5hd3w55iofp58khbp6yv/gradle-2.14.1/lib/plugins/gradle-ide-native-2.14.1.jar
7f653c87f000-7f653c88a000 r--s 00066000 08:02 4066391                    /home/robertj/.gradle/wrapper/dists/gradle-2.14.1-all/8bnwg5hd3w55iofp58khbp6yv/gradle-2.14.1/lib/plugins/gradle-ide-2.14.1.jar
7f653c88a000-7f653c88b000 r--s 00008000 08:02 4066396                    /home/robertj/.gradle/wrapper/dists/gradle-2.14.1-all/8bnwg5hd3w55iofp58khbp6yv/gradle-2.14.1/lib/plugins/gradle-ear-2.14.1.jar
7f653c88b000-7f653c891000 r--s 00032000 08:02 4066399                    /home/robertj/.gradle/wrapper/dists/gradle-2.14.1-all/8bnwg5hd3w55iofp58khbp6yv/gradle-2.14.1/lib/plugins/gradle-diagnostics-2.14.1.jar
7f653c891000-7f653c895000 r--s 00021000 08:02 4066386                    /home/robertj/.gradle/wrapper/dists/gradle-2.14.1-all/8bnwg5hd3w55iofp58khbp6yv/gradle-2.14.1/lib/plugins/gradle-code-quality-2.14.1.jar
7f653c895000-7f653c899000 r--s 0001f000 08:02 4066404                    /home/robertj/.gradle/wrapper/dists/gradle-2.14.1-all/8bnwg5hd3w55iofp58khbp6yv/gradle-2.14.1/lib/plugins/gradle-build-init-2.14.1.jar
7f653c899000-7f653c8a0000 r--s 0008e000 08:02 4066398                    /home/robertj/.gradle/wrapper/dists/gradle-2.14.1-all/8bnwg5hd3w55iofp58khbp6yv/gradle-2.14.1/lib/plugins/gradle-build-comparison-2.14.1.jar
7f653c8a0000-7f653c8a2000 r--s 00008000 08:02 4066388                    /home/robertj/.gradle/wrapper/dists/gradle-2.14.1-all/8bnwg5hd3w55iofp58khbp6yv/gradle-2.14.1/lib/plugins/gradle-antlr-2.14.1.jar
7f653c8a2000-7f653c8a4000 r--s 00004000 08:02 4066392                    /home/robertj/.gradle/wrapper/dists/gradle-2.14.1-all/8bnwg5hd3w55iofp58khbp6yv/gradle-2.14.1/lib/plugins/gradle-announce-2.14.1.jar
7f653c8a4000-7f653c8bc000 r--s 00115000 08:02 4070092                    /home/robertj/.gradle/wrapper/dists/gradle-2.14.1-all/8bnwg5hd3w55iofp58khbp6yv/gradle-2.14.1/lib/plugins/xercesImpl-2.9.1.jar
7f653c8bc000-7f653c8c4000 r--s 00028000 08:02 4070093                    /home/robertj/.gradle/wrapper/dists/gradle-2.14.1-all/8bnwg5hd3w55iofp58khbp6yv/gradle-2.14.1/lib/plugins/xml-apis-1.3.04.jar
7f653c8c4000-7f653c8ca000 r--s 0005b000 08:02 4070091                    /home/robertj/.gradle/wrapper/dists/gradle-2.14.1-all/8bnwg5hd3w55iofp58khbp6yv/gradle-2.14.1/lib/plugins/jcifs-1.3.17.jar
7f653c8ca000-7f653c8d1000 r--s 00049000 08:02 4070090                    /home/robertj/.gradle/wrapper/dists/gradle-2.14.1-all/8bnwg5hd3w55iofp58khbp6yv/gradle-2.14.1/lib/plugins/httpcore-4.4.4.jar
7f653c8d1000-7f653c8d7000 r--s 00033000 08:02 4066439                    /home/robertj/.gradle/wrapper/dists/gradle-2.14.1-all/8bnwg5hd3w55iofp58khbp6yv/gradle-2.14.1/lib/plugins/commons-codec-1.6.jar
7f653c8d7000-7f653c8da000 r--s 0001c000 08:02 4066449                    /home/robertj/.gradle/wrapper/dists/gradle-2.14.1-all/8bnwg5hd3w55iofp58khbp6yv/gradle-2.14.1/lib/plugins/nekohtml-1.9.14.jar
7f653c8da000-7f653c8e7000 r--s 000a4000 08:02 4066448                    /home/robertj/.gradle/wrapper/dists/gradle-2.14.1-all/8bnwg5hd3w55iofp58khbp6yv/gradle-2.14.1/lib/plugins/httpclient-4.4.1.jar
7f653c8e7000-7f653c8e9000 r--s 0000a000 08:02 4066421                    /home/robertj/.gradle/wrapper/dists/gradle-2.14.1-all/8bnwg5hd3w55iofp58khbp6yv/gradle-2.14.1/lib/plugins/gradle-resources-http-2.14.1.jar
7f653c8e9000-7f653c8ed000 r--s 00014000 08:02 4066420                    /home/robertj/.gradle/wrapper/dists/gradle-2.14.1-all/8bnwg5hd3w55iofp58khbp6yv/gradle-2.14.1/lib/plugins/gradle-plugin-use-2.14.1.jar
7f653c8ed000-7f653c8ee000 r--s 00000000 08:02 4066336                    /home/robertj/.gradle/wrapper/dists/gradle-2.14.1-all/8bnwg5hd3w55iofp58khbp6yv/gradle-2.14.1/lib/gradle-installation-beacon-2.14.1.jar
7f653c8ee000-7f653c8ef000 r--s 00007000 08:02 4070086                    /home/robertj/.gradle/wrapper/dists/gradle-2.14.1-all/8bnwg5hd3w55iofp58khbp6yv/gradle-2.14.1/lib/plugins/wagon-http-shared4-2.4.jar
7f653c8ef000-7f653c8f3000 r--s 00033000 08:02 4070085                    /home/robertj/.gradle/wrapper/dists/gradle-2.14.1-all/8bnwg5hd3w55iofp58khbp6yv/gradle-2.14.1/lib/plugins/plexus-utils-2.0.6.jar
7f653c8f3000-7f653c8f7000 r--s 00021000 08:02 4070084                    /home/robertj/.gradle/wrapper/dists/gradle-2.14.1-all/8bnwg5hd3w55iofp58khbp6yv/gradle-2.14.1/lib/plugins/maven-model-builder-3.0.4.jar
7f653c8f7000-7f653c8f8000 r--s 00002000 08:02 4070083                    /home/robertj/.gradle/wrapper/dists/gradle-2.14.1-all/8bnwg5hd3w55iofp58khbp6yv/gradle-2.14.1/lib/plugins/wagon-file-2.4.jar
7f653c8f8000-7f653c8fa000 r--s 00002000 08:02 4070082                    /home/robertj/.gradle/wrapper/dists/gradle-2.14.1-all/8bnwg5hd3w55iofp58khbp6yv/gradle-2.14.1/lib/plugins/plexus-cipher-1.7.jar
7f653c8fa000-7f653c8fd000 r--s 00013000 08:02 4069815                    /home/robertj/.gradle/wrapper/dists/gradle-2.14.1-all/8bnwg5hd3w55iofp58khbp6yv/gradle-2.14.1/lib/plugins/aether-api-1.13.1.jar
7f653c8fd000-7f653c8ff000 r--s 0000a000 08:02 4069800                    /home/robertj/.gradle/wrapper/dists/gradle-2.14.1-all/8bnwg5hd3w55iofp58khbp6yv/gradle-2.14.1/lib/plugins/maven-settings-3.0.4.jar
7f653c8ff000-7f653c901000 r--s 0000d000 08:02 4069791                    /home/robertj/.gradle/wrapper/dists/gradle-2.14.1-all/8bnwg5hd3w55iofp58khbp6yv/gradle-2.14.1/lib/plugins/plexus-interpolation-1.14.jar
7f653c901000-7f653c903000 r--s 0000b000 08:02 4069782                    /home/robertj/.gradle/wrapper/dists/gradle-2.14.1-all/8bnwg5hd3w55iofp58khbp6yv/gradle-2.14.1/lib/plugins/maven-artifact-3.0.4.jar
7f653c903000-7f653c90a000 r--s 0002e000 08:02 4069760                    /home/robertj/.gradle/wrapper/dists/gradle-2.14.1-all/8bnwg5hd3w55iofp58khbp6yv/gradle-2.14.1/lib/plugins/plexus-container-default-1.5.5.jar
7f653c90a000-7f653c90c000 r--s 0000b000 08:02 4069759                    /home/robertj/.gradle/wrapper/dists/gradle-2.14.1-all/8bnwg5hd3w55iofp58khbp6yv/gradle-2.14.1/lib/plugins/maven-plugin-api-3.0.4.jar
7f653c90c000-7f653c90e000 r--s 00000000 08:02 4070094                    /home/robertj/.gradle/wrapper/dists/gradle-2.14.1-all/8bnwg5hd3w55iofp58khbp6yv/gradle-2.14.1/lib/plugins/plexus-component-annotations-1.5.5.jar
7f653c90e000-7f653c914000 r--s 0003f000 08:02 4069752                    /home/robertj/.gradle/wrapper/dists/gradle-2.14.1-all/8bnwg5hd3w55iofp58khbp6yv/gradle-2.14.1/lib/plugins/maven-compat-3.0.4.jar
7f653c914000-7f653c917000 r--s 00008000 08:02 4069671                    /home/robertj/.gradle/wrapper/dists/gradle-2.14.1-all/8bnwg5hd3w55iofp58khbp6yv/gradle-2.14.1/lib/plugins/maven-settings-builder-3.0.4.jar
7f653c917000-7f653c918000 r--s 00002000 08:02 4069669                    /home/robertj/.gradle/wrapper/dists/gradle-2.14.1-all/8bnwg5hd3w55iofp58khbp6yv/gradle-2.14.1/lib/plugins/wagon-http-2.4.jar
7f653c918000-7f653c91a000 r--s 00026000 08:02 4069654                    /home/robertj/.gradle/wrapper/dists/gradle-2.14.1-all/8bnwg5hd3w55iofp58khbp6yv/gradle-2.14.1/lib/plugins/maven-model-3.0.4.jar
7f653c91a000-7f653c91c000 r--s 00006000 08:02 4069652                    /home/robertj/.gradle/wrapper/dists/gradle-2.14.1-all/8bnwg5hd3w55iofp58khbp6yv/gradle-2.14.1/lib/plugins/aether-connector-wagon-1.13.1.jar
7f653c91c000-7f653c91e000 r--s 0000a000 08:02 4069648                    /home/robertj/.gradle/wrapper/dists/gradle-2.14.1-all/8bnwg5hd3w55iofp58khbp6yv/gradle-2.14.1/lib/plugins/plexus-classworlds-2.4.jar
7f653c91e000-7f653c920000 r--s 00006000 08:02 4069627                    /home/robertj/.gradle/wrapper/dists/gradle-2.14.1-all/8bnwg5hd3w55iofp58khbp6yv/gradle-2.14.1/lib/plugins/maven-repository-metadata-3.0.4.jar
7f653c920000-7f653c922000 r--s 0000c000 08:02 4069626                    /home/robertj/.gradle/wrapper/dists/gradle-2.14.1-all/8bnwg5hd3w55iofp58khbp6yv/gradle-2.14.1/lib/plugins/maven-aether-provider-3.0.4.jar
7f653c922000-7f653c924000 r--s 0000b000 08:02 4069596                    /home/robertj/.gradle/wrapper/dists/gradle-2.14.1-all/8bnwg5hd3w55iofp58khbp6yv/gradle-2.14.1/lib/plugins/wagon-provider-api-2.4.jar
7f653c924000-7f653c925000 r--s 00003000 08:02 4068965                    /home/robertj/.gradle/wrapper/dists/gradle-2.14.1-all/8bnwg5hd3w55iofp58khbp6yv/gradle-2.14.1/lib/plugins/aether-spi-1.13.1.jar
7f653c925000-7f653c929000 r--s 0001c000 08:02 4068919                    /home/robertj/.gradle/wrapper/dists/gradle-2.14.1-all/8bnwg5hd3w55iofp58khbp6yv/gradle-2.14.1/lib/plugins/aether-util-1.13.1.jar
7f653c929000-7f653c92c000 r--s 0001d000 08:02 4068830                    /home/robertj/.gradle/wrapper/dists/gradle-2.14.1-all/8bnwg5hd3w55iofp58khbp6yv/gradle-2.14.1/lib/plugins/aether-impl-1.13.1.jar
7f653c92c000-7f653c92d000 r--s 00006000 08:02 4066464                    /home/robertj/.gradle/wrapper/dists/gradle-2.14.1-all/8bnwg5hd3w55iofp58khbp6yv/gradle-2.14.1/lib/plugins/plexus-sec-dispatcher-1.3.jar
7f653c92d000-7f653c932000 r--s 00040000 08:02 4066450                    /home/robertj/.gradle/wrapper/dists/gradle-2.14.1-all/8bnwg5hd3w55iofp58khbp6yv/gradle-2.14.1/lib/plugins/jsch-0.1.53.jar
7f653c932000-7f653c972000 r--s 00277000 08:02 4066460                    /home/robertj/.gradle/wrapper/dists/gradle-2.14.1-all/8bnwg5hd3w55iofp58khbp6yv/gradle-2.14.1/lib/plugins/bcprov-jdk15on-1.51.jar
7f653c972000-7f653c97e000 r--s 0007d000 08:02 4066436                    /home/robertj/.gradle/wrapper/dists/gradle-2.14.1-all/8bnwg5hd3w55iofp58khbp6yv/gradle-2.14.1/lib/plugins/maven-core-3.0.4.jar
7f653c97e000-7f653c98d000 r--s 000d9000 08:02 4066458                    /home/robertj/.gradle/wrapper/dists/gradle-2.14.1-all/8bnwg5hd3w55iofp58khbp6yv/gradle-2.14.1/lib/plugins/ivy-2.2.0.jar
7f653c98d000-7f653c996000 r-xp 00000000 08:02 3438428                    /usr/lib/jvm/java-8-oracle/jre/lib/amd64/libmanagement.so
7f653c996000-7f653cb95000 ---p 00009000 08:02 3438428                    /usr/lib/jvm/java-8-oracle/jre/lib/amd64/libmanagement.so
7f653cb95000-7f653cb96000 rw-p 00008000 08:02 3438428                    /usr/lib/jvm/java-8-oracle/jre/lib/amd64/libmanagement.so
7f653cb96000-7f653cbab000 r-xp 00000000 08:02 2254186                    /tmp/jna8155894458318320499.tmp
7f653cbab000-7f653ccaa000 ---p 00015000 08:02 2254186                    /tmp/jna8155894458318320499.tmp
7f653ccaa000-7f653ccac000 rw-p 00014000 08:02 2254186                    /tmp/jna8155894458318320499.tmp
7f653ccac000-7f653ccd1000 r-xp 00000000 08:02 3150476                    /lib/x86_64-linux-gnu/libtinfo.so.5.9
7f653ccd1000-7f653ced0000 ---p 00025000 08:02 3150476                    /lib/x86_64-linux-gnu/libtinfo.so.5.9
7f653ced0000-7f653ced4000 r--p 00024000 08:02 3150476                    /lib/x86_64-linux-gnu/libtinfo.so.5.9
7f653ced4000-7f653ced5000 rw-p 00028000 08:02 3150476                    /lib/x86_64-linux-gnu/libtinfo.so.5.9
7f653ced5000-7f653cef6000 r-xp 00000000 08:02 3150384                    /lib/x86_64-linux-gnu/libncurses.so.5.9
7f653cef6000-7f653d0f5000 ---p 00021000 08:02 3150384                    /lib/x86_64-linux-gnu/libncurses.so.5.9
7f653d0f5000-7f653d0f6000 r--p 00020000 08:02 3150384                    /lib/x86_64-linux-gnu/libncurses.so.5.9
7f653d0f6000-7f653d0f7000 rw-p 00021000 08:02 3150384                    /lib/x86_64-linux-gnu/libncurses.so.5.9
7f653d0f7000-7f653d0fa000 r-xp 00000000 08:02 3840070                    /home/robertj/.gradle/native/19/linux-amd64/libnative-platform-curses.so
7f653d0fa000-7f653d2fa000 ---p 00003000 08:02 3840070                    /home/robertj/.gradle/native/19/linux-amd64/libnative-platform-curses.so
7f653d2fa000-7f653d2fb000 rw-p 00003000 08:02 3840070                    /home/robertj/.gradle/native/19/linux-amd64/libnative-platform-curses.so
7f653d2fb000-7f653d311000 r-xp 00000000 08:02 3150342                    /lib/x86_64-linux-gnu/libgcc_s.so.1
7f653d311000-7f653d510000 ---p 00016000 08:02 3150342                    /lib/x86_64-linux-gnu/libgcc_s.so.1
7f653d510000-7f653d511000 rw-p 00015000 08:02 3150342                    /lib/x86_64-linux-gnu/libgcc_s.so.1
7f653d511000-7f653d683000 r-xp 00000000 08:02 2361474                    /usr/lib/x86_64-linux-gnu/libstdc++.so.6.0.21
7f653d683000-7f653d883000 ---p 00172000 08:02 2361474                    /usr/lib/x86_64-linux-gnu/libstdc++.so.6.0.21
7f653d883000-7f653d88d000 r--p 00172000 08:02 2361474                    /usr/lib/x86_64-linux-gnu/libstdc++.so.6.0.21
7f653d88d000-7f653d88f000 rw-p 0017c000 08:02 2361474                    /usr/lib/x86_64-linux-gnu/libstdc++.so.6.0.21
7f653d88f000-7f653d893000 rw-p 00000000 00:00 0 
7f653d893000-7f653d897000 r-xp 00000000 08:02 3839298                    /home/robertj/.gradle/native/19/linux-amd64/libnative-platform.so
7f653d897000-7f653da96000 ---p 00004000 08:02 3839298                    /home/robertj/.gradle/native/19/linux-amd64/libnative-platform.so
7f653da96000-7f653da97000 rw-p 00003000 08:02 3839298                    /home/robertj/.gradle/native/19/linux-amd64/libnative-platform.so
7f653da97000-7f653daa8000 r-xp 00000000 08:02 3438417                    /usr/lib/jvm/java-8-oracle/jre/lib/amd64/libnio.so
7f653daa8000-7f653dca7000 ---p 00011000 08:02 3438417                    /usr/lib/jvm/java-8-oracle/jre/lib/amd64/libnio.so
7f653dca7000-7f653dca8000 rw-p 00010000 08:02 3438417                    /usr/lib/jvm/java-8-oracle/jre/lib/amd64/libnio.so
7f653dca8000-7f653dfa9000 rw-p 00000000 00:00 0 
7f653dfa9000-7f653dfbf000 r-xp 00000000 08:02 3438392                    /usr/lib/jvm/java-8-oracle/jre/lib/amd64/libnet.so
7f653dfbf000-7f653e1bf000 ---p 00016000 08:02 3438392                    /usr/lib/jvm/java-8-oracle/jre/lib/amd64/libnet.so
7f653e1bf000-7f653e1c0000 rw-p 00016000 08:02 3438392                    /usr/lib/jvm/java-8-oracle/jre/lib/amd64/libnet.so
7f653e1c0000-7f6540000000 rw-p 00000000 00:00 0 
7f6540000000-7f6540021000 rw-p 00000000 00:00 0 
7f6540021000-7f6544000000 ---p 00000000 00:00 0 
7f6544000000-7f6544004000 r--s 0001d000 08:02 4066459                    /home/robertj/.gradle/wrapper/dists/gradle-2.14.1-all/8bnwg5hd3w55iofp58khbp6yv/gradle-2.14.1/lib/plugins/xbean-reflect-3.4.jar
7f6544004000-7f6544009000 r--s 0002a000 08:02 4066443                    /home/robertj/.gradle/wrapper/dists/gradle-2.14.1-all/8bnwg5hd3w55iofp58khbp6yv/gradle-2.14.1/lib/plugins/gson-2.2.4.jar
7f6544009000-7f6544025000 r--s 000d3000 08:02 4066425                    /home/robertj/.gradle/wrapper/dists/gradle-2.14.1-all/8bnwg5hd3w55iofp58khbp6yv/gradle-2.14.1/lib/plugins/gradle-dependency-management-2.14.1.jar
7f6544025000-7f654402c000 r--s 00000000 08:02 2623604                    /usr/lib/x86_64-linux-gnu/gconv/gconv-modules.cache
7f654402c000-7f654402e000 r--s 00005000 08:02 4066332                    /home/robertj/.gradle/wrapper/dists/gradle-2.14.1-all/8bnwg5hd3w55iofp58khbp6yv/gradle-2.14.1/lib/gradle-wrapper-2.14.1.jar
7f654402e000-7f654403c000 r--s 0004f000 08:02 4066342                    /home/robertj/.gradle/wrapper/dists/gradle-2.14.1-all/8bnwg5hd3w55iofp58khbp6yv/gradle-2.14.1/lib/gradle-tooling-api-2.14.1.jar
7f654403c000-7f654403e000 r--s 00002000 08:02 4066362                    /home/robertj/.gradle/wrapper/dists/gradle-2.14.1-all/8bnwg5hd3w55iofp58khbp6yv/gradle-2.14.1/lib/gradle-open-api-2.14.1.jar
7f654403e000-7f6544044000 r--s 00032000 08:02 4066364                    /home/robertj/.gradle/wrapper/dists/gradle-2.14.1-all/8bnwg5hd3w55iofp58khbp6yv/gradle-2.14.1/lib/jaxen-1.1.jar
7f6544044000-7f6544049000 r--s 00048000 08:02 4066363                    /home/robertj/.gradle/wrapper/dists/gradle-2.14.1-all/8bnwg5hd3w55iofp58khbp6yv/gradle-2.14.1/lib/dom4j-1.6.1.jar
7f6544049000-7f6544054000 r--s 00059000 08:02 4066341                    /home/robertj/.gradle/wrapper/dists/gradle-2.14.1-all/8bnwg5hd3w55iofp58khbp6yv/gradle-2.14.1/lib/gradle-ui-2.14.1.jar
7f6544054000-7f6544057000 r--s 0000b000 08:02 4066360                    /home/robertj/.gradle/wrapper/dists/gradle-2.14.1-all/8bnwg5hd3w55iofp58khbp6yv/gradle-2.14.1/lib/gradle-resources-2.14.1.jar
7f6544057000-7f6544059000 r--s 00003000 08:02 4066372                    /home/robertj/.gradle/wrapper/dists/gradle-2.14.1-all/8bnwg5hd3w55iofp58khbp6yv/gradle-2.14.1/lib/jcl-over-slf4j-1.7.10.jar
7f6544059000-7f654405a000 r--s 00005000 08:02 4066371                    /home/robertj/.gradle/wrapper/dists/gradle-2.14.1-all/8bnwg5hd3w55iofp58khbp6yv/gradle-2.14.1/lib/log4j-over-slf4j-1.7.10.jar
7f654405a000-7f654405c000 r--s 00000000 08:02 4066370                    /home/robertj/.gradle/wrapper/dists/gradle-2.14.1-all/8bnwg5hd3w55iofp58khbp6yv/gradle-2.14.1/lib/jul-to-slf4j-1.7.10.jar
7f654405c000-7f6544061000 r--s 0001c000 08:02 4066359                    /home/robertj/.gradle/wrapper/dists/gradle-2.14.1-all/8bnwg5hd3w55iofp58khbp6yv/gradle-2.14.1/lib/gradle-logging-2.14.1.jar
7f6544061000-7f6544063000 r--s 00007000 08:02 4066383                    /home/robertj/.gradle/wrapper/dists/gradle-2.14.1-all/8bnwg5hd3w55iofp58khbp6yv/gradle-2.14.1/lib/objenesis-1.2.jar
7f6544063000-7f6544065000 r--s 00000000 08:02 4066382                    /home/robertj/.gradle/wrapper/dists/gradle-2.14.1-all/8bnwg5hd3w55iofp58khbp6yv/gradle-2.14.1/lib/minlog-1.2.jar
7f6544065000-7f6544067000 r--s 0000f000 08:02 4066381                    /home/robertj/.gradle/wrapper/dists/gradle-2.14.1-all/8bnwg5hd3w55iofp58khbp6yv/gradle-2.14.1/lib/reflectasm-1.07-shaded.jar
7f6544067000-7f654406b000 r--s 00026000 08:02 4066369                    /home/robertj/.gradle/wrapper/dists/gradle-2.14.1-all/8bnwg5hd3w55iofp58khbp6yv/gradle-2.14.1/lib/kryo-2.20.jar
7f654406b000-7f6544071000 r--s 00025000 08:02 4066358                    /home/robertj/.gradle/wrapper/dists/gradle-2.14.1-all/8bnwg5hd3w55iofp58khbp6yv/gradle-2.14.1/lib/gradle-messaging-2.14.1.jar
7f6544071000-7f6544072000 r--s 00003000 08:02 4066380                    /home/robertj/.gradle/wrapper/dists/gradle-2.14.1-all/8bnwg5hd3w55iofp58khbp6yv/gradle-2.14.1/lib/native-platform-freebsd-amd64-0.10.jar
7f6544072000-7f6544073000 r--s 00003000 08:02 4066379                    /home/robertj/.gradle/wrapper/dists/gradle-2.14.1-all/8bnwg5hd3w55iofp58khbp6yv/gradle-2.14.1/lib/native-platform-freebsd-i386-0.10.jar
7f6544073000-7f6544074000 r--s 00005000 08:02 4066378                    /home/robertj/.gradle/wrapper/dists/gradle-2.14.1-all/8bnwg5hd3w55iofp58khbp6yv/gradle-2.14.1/lib/native-platform-windows-i386-0.10.jar
7f6544074000-7f6544075000 r--s 00005000 08:02 4066377                    /home/robertj/.gradle/wrapper/dists/gradle-2.14.1-all/8bnwg5hd3w55iofp58khbp6yv/gradle-2.14.1/lib/native-platform-windows-amd64-0.10.jar
7f6544075000-7f6544076000 r--s 00003000 08:02 4066376                    /home/robertj/.gradle/wrapper/dists/gradle-2.14.1-all/8bnwg5hd3w55iofp58khbp6yv/gradle-2.14.1/lib/native-platform-linux-i386-0.10.jar
7f6544076000-7f6544077000 r--s 00003000 08:02 4066375                    /home/robertj/.gradle/wrapper/dists/gradle-2.14.1-all/8bnwg5hd3w55iofp58khbp6yv/gradle-2.14.1/lib/native-platform-linux-amd64-0.10.jar
7f6544077000-7f6544078000 r--s 00002000 08:02 4066374                    /home/robertj/.gradle/wrapper/dists/gradle-2.14.1-all/8bnwg5hd3w55iofp58khbp6yv/gradle-2.14.1/lib/native-platform-osx-amd64-0.10.jar
7f6544078000-7f6544079000 r--s 00002000 08:02 4066373                    /home/robertj/.gradle/wrapper/dists/gradle-2.14.1-all/8bnwg5hd3w55iofp58khbp6yv/gradle-2.14.1/lib/native-platform-osx-i386-0.10.jar
7f6544079000-7f654407b000 r--s 00008000 08:02 4066367                    /home/robertj/.gradle/wrapper/dists/gradle-2.14.1-all/8bnwg5hd3w55iofp58khbp6yv/gradle-2.14.1/lib/jansi-1.2.1.jar
7f654407b000-7f654407e000 r--s 0000d000 08:02 4066366                    /home/robertj/.gradle/wrapper/dists/gradle-2.14.1-all/8bnwg5hd3w55iofp58khbp6yv/gradle-2.14.1/lib/native-platform-0.10.jar
7f654407e000-7f6544082000 r--s 000e4000 08:02 4066365                    /home/robertj/.gradle/wrapper/dists/gradle-2.14.1-all/8bnwg5hd3w55iofp58khbp6yv/gradle-2.14.1/lib/jna-3.2.7.jar
7f6544082000-7f6544084000 r--s 00009000 08:02 4066343                    /home/robertj/.gradle/wrapper/dists/gradle-2.14.1-all/8bnwg5hd3w55iofp58khbp6yv/gradle-2.14.1/lib/gradle-native-2.14.1.jar
7f6544084000-7f6544086000 r--s 00005000 08:02 4066340                    /home/robertj/.gradle/wrapper/dists/gradle-2.14.1-all/8bnwg5hd3w55iofp58khbp6yv/gradle-2.14.1/lib/gradle-cli-2.14.1.jar
7f6544086000-7f6544088000 r--s 00007000 08:02 4066350                    /home/robertj/.gradle/wrapper/dists/gradle-2.14.1-all/8bnwg5hd3w55iofp58khbp6yv/gradle-2.14.1/lib/gradle-model-groovy-2.14.1.jar
7f6544088000-7f6544089000 r--s 00006000 08:02 4066357                    /home/robertj/.gradle/wrapper/dists/gradle-2.14.1-all/8bnwg5hd3w55iofp58khbp6yv/gradle-2.14.1/lib/gradle-base-services-groovy-2.14.1.jar
7f6544089000-7f6544098000 r--s 00080000 08:02 4066349                    /home/robertj/.gradle/wrapper/dists/gradle-2.14.1-all/8bnwg5hd3w55iofp58khbp6yv/gradle-2.14.1/lib/gradle-model-core-2.14.1.jar
7f6544098000-7f6544099000 r--s 00002000 08:02 4066361                    /home/robertj/.gradle/wrapper/dists/gradle-2.14.1-all/8bnwg5hd3w55iofp58khbp6yv/gradle-2.14.1/lib/gradle-docs-2.14.1.jar
7f6544099000-7f654409a000 r--s 00000000 08:02 4066356                    /home/robertj/.gradle/wrapper/dists/gradle-2.14.1-all/8bnwg5hd3w55iofp58khbp6yv/gradle-2.14.1/lib/javax.inject-1.jar
7f654409a000-7f654409b000 r--s 00000000 08:02 4066355                    /home/robertj/.gradle/wrapper/dists/gradle-2.14.1-all/8bnwg5hd3w55iofp58khbp6yv/gradle-2.14.1/lib/jcip-annotations-1.0.jar
7f654409b000-7f654409f000 r--s 00027000 08:02 4066354                    /home/robertj/.gradle/wrapper/dists/gradle-2.14.1-all/8bnwg5hd3w55iofp58khbp6yv/gradle-2.14.1/lib/commons-io-2.2.jar
7f654409f000-7f65440ac000 r--s 00083000 08:02 4066353                    /home/robertj/.gradle/wrapper/dists/gradle-2.14.1-all/8bnwg5hd3w55iofp58khbp6yv/gradle-2.14.1/lib/commons-collections-3.2.2.jar
7f65440ac000-7f654411b000 r--s 0063e000 08:02 4066348                    /home/robertj/.gradle/wrapper/dists/gradle-2.14.1-all/8bnwg5hd3w55iofp58khbp6yv/gradle-2.14.1/lib/groovy-all-2.4.4.jar
7f654411b000-7f654411c000 ---p 00000000 00:00 0 
7f654411c000-7f654421c000 rw-p 00000000 00:00 0 
7f654421c000-7f654421f000 ---p 00000000 00:00 0 
7f654421f000-7f654431d000 rw-p 00000000 00:00 0 
7f654431d000-7f6544320000 ---p 00000000 00:00 0 
7f6544320000-7f654441e000 rw-p 00000000 00:00 0 
7f654441e000-7f6544421000 ---p 00000000 00:00 0 
7f6544421000-7f654451f000 rw-p 00000000 00:00 0 
7f654451f000-7f6544522000 ---p 00000000 00:00 0 
7f6544522000-7f6544620000 rw-p 00000000 00:00 0 
7f6544620000-7f6544623000 ---p 00000000 00:00 0 
7f6544623000-7f6544721000 rw-p 00000000 00:00 0 
7f6544721000-7f65449fa000 r--p 00000000 08:02 2361985                    /usr/lib/locale/locale-archive
7f65449fa000-7f65449fd000 ---p 00000000 00:00 0 
7f65449fd000-7f6544afb000 rw-p 00000000 00:00 0 
7f6544afb000-7f6544afe000 ---p 00000000 00:00 0 
7f6544afe000-7f6544bfc000 rw-p 00000000 00:00 0 
7f6544bfc000-7f6544bfd000 ---p 00000000 00:00 0 
7f6544bfd000-7f6545000000 rw-p 00000000 00:00 0 
7f6545000000-7f6545a60000 rwxp 00000000 00:00 0 
7f6545a60000-7f6554000000 ---p 00000000 00:00 0 
7f6554000000-7f65561a0000 rw-p 00000000 00:00 0 
7f65561a0000-7f6558000000 ---p 00000000 00:00 0 
7f6558000000-7f6558005000 r--s 00038000 08:02 4066351                    /home/robertj/.gradle/wrapper/dists/gradle-2.14.1-all/8bnwg5hd3w55iofp58khbp6yv/gradle-2.14.1/lib/asm-all-5.1.jar
7f6558005000-7f6558006000 r--s 00001000 08:02 4066347                    /home/robertj/.gradle/wrapper/dists/gradle-2.14.1-all/8bnwg5hd3w55iofp58khbp6yv/gradle-2.14.1/lib/gradle-process-services-2.14.1.jar
7f6558006000-7f6558007000 r--s 00000000 08:02 4066338                    /home/robertj/.gradle/wrapper/dists/gradle-2.14.1-all/8bnwg5hd3w55iofp58khbp6yv/gradle-2.14.1/lib/gradle-jvm-services-2.14.1.jar
7f6558007000-7f655800c000 r--s 00041000 08:02 4066346                    /home/robertj/.gradle/wrapper/dists/gradle-2.14.1-all/8bnwg5hd3w55iofp58khbp6yv/gradle-2.14.1/lib/commons-lang-2.6.jar
7f655800c000-7f6558034000 r--s 001cf000 08:02 4066345                    /home/robertj/.gradle/wrapper/dists/gradle-2.14.1-all/8bnwg5hd3w55iofp58khbp6yv/gradle-2.14.1/lib/guava-jdk5-17.0.jar
7f6558034000-7f6558035000 r--s 00007000 08:02 4066344                    /home/robertj/.gradle/wrapper/dists/gradle-2.14.1-all/8bnwg5hd3w55iofp58khbp6yv/gradle-2.14.1/lib/slf4j-api-1.7.10.jar
7f6558035000-7f6558054000 r--s 001d1000 08:02 4066352                    /home/robertj/.gradle/wrapper/dists/gradle-2.14.1-all/8bnwg5hd3w55iofp58khbp6yv/gradle-2.14.1/lib/ant-1.9.6.jar
7f6558054000-7f655805c000 r--s 0003a000 08:02 4066337                    /home/robertj/.gradle/wrapper/dists/gradle-2.14.1-all/8bnwg5hd3w55iofp58khbp6yv/gradle-2.14.1/lib/gradle-base-services-2.14.1.jar
7f655805c000-7f6558093000 r--s 001bd000 08:02 4066339                    /home/robertj/.gradle/wrapper/dists/gradle-2.14.1-all/8bnwg5hd3w55iofp58khbp6yv/gradle-2.14.1/lib/gradle-core-2.14.1.jar
7f6558093000-7f6558d51000 rw-p 00000000 00:00 0 
7f6558d51000-7f6558f2a000 r--s 03d3e000 08:02 3438385                    /usr/lib/jvm/java-8-oracle/jre/lib/rt.jar
7f6558f2a000-7f6559984000 rw-p 00000000 00:00 0 
7f6559984000-7f6559985000 ---p 00000000 00:00 0 
7f6559985000-7f6559a85000 rw-p 00000000 00:00 0 
7f6559a85000-7f6559a86000 ---p 00000000 00:00 0 
7f6559a86000-7f6559b86000 rw-p 00000000 00:00 0 
7f6559b86000-7f6559b87000 ---p 00000000 00:00 0 
7f6559b87000-7f6559c87000 rw-p 00000000 00:00 0 
7f6559c87000-7f6559c88000 ---p 00000000 00:00 0 
7f6559c88000-7f6559d9b000 rw-p 00000000 00:00 0 
7f6559d9b000-7f6559ecb000 ---p 00000000 00:00 0 
7f6559ecb000-7f6559ede000 rw-p 00000000 00:00 0 
7f6559ede000-7f655a00d000 ---p 00000000 00:00 0 
7f655a00d000-7f655a054000 rw-p 00000000 00:00 0 
7f655a054000-7f655a0af000 ---p 00000000 00:00 0 
7f655a0af000-7f655a0da000 rw-p 00000000 00:00 0 
7f655a0da000-7f655a470000 ---p 00000000 00:00 0 
7f655a470000-7f655a48a000 r-xp 00000000 08:02 3438415                    /usr/lib/jvm/java-8-oracle/jre/lib/amd64/libzip.so
7f655a48a000-7f655a68a000 ---p 0001a000 08:02 3438415                    /usr/lib/jvm/java-8-oracle/jre/lib/amd64/libzip.so
7f655a68a000-7f655a68b000 rw-p 0001a000 08:02 3438415                    /usr/lib/jvm/java-8-oracle/jre/lib/amd64/libzip.so
7f655a68b000-7f655a696000 r-xp 00000000 08:02 3169137                    /lib/x86_64-linux-gnu/libnss_files-2.23.so
7f655a696000-7f655a895000 ---p 0000b000 08:02 3169137                    /lib/x86_64-linux-gnu/libnss_files-2.23.so
7f655a895000-7f655a896000 r--p 0000a000 08:02 3169137                    /lib/x86_64-linux-gnu/libnss_files-2.23.so
7f655a896000-7f655a897000 rw-p 0000b000 08:02 3169137                    /lib/x86_64-linux-gnu/libnss_files-2.23.so
7f655a897000-7f655a89d000 rw-p 00000000 00:00 0 
7f655a89d000-7f655a8a8000 r-xp 00000000 08:02 3150870                    /lib/x86_64-linux-gnu/libnss_nis-2.23.so
7f655a8a8000-7f655aaa7000 ---p 0000b000 08:02 3150870                    /lib/x86_64-linux-gnu/libnss_nis-2.23.so
7f655aaa7000-7f655aaa8000 r--p 0000a000 08:02 3150870                    /lib/x86_64-linux-gnu/libnss_nis-2.23.so
7f655aaa8000-7f655aaa9000 rw-p 0000b000 08:02 3150870                    /lib/x86_64-linux-gnu/libnss_nis-2.23.so
7f655aaa9000-7f655aabf000 r-xp 00000000 08:02 3150872                    /lib/x86_64-linux-gnu/libnsl-2.23.so
7f655aabf000-7f655acbe000 ---p 00016000 08:02 3150872                    /lib/x86_64-linux-gnu/libnsl-2.23.so
7f655acbe000-7f655acbf000 r--p 00015000 08:02 3150872                    /lib/x86_64-linux-gnu/libnsl-2.23.so
7f655acbf000-7f655acc0000 rw-p 00016000 08:02 3150872                    /lib/x86_64-linux-gnu/libnsl-2.23.so
7f655acc0000-7f655acc2000 rw-p 00000000 00:00 0 
7f655acc2000-7f655acca000 r-xp 00000000 08:02 3169139                    /lib/x86_64-linux-gnu/libnss_compat-2.23.so
7f655acca000-7f655aec9000 ---p 00008000 08:02 3169139                    /lib/x86_64-linux-gnu/libnss_compat-2.23.so
7f655aec9000-7f655aeca000 r--p 00007000 08:02 3169139                    /lib/x86_64-linux-gnu/libnss_compat-2.23.so
7f655aeca000-7f655aecb000 rw-p 00008000 08:02 3169139                    /lib/x86_64-linux-gnu/libnss_compat-2.23.so
7f655aecb000-7f655aef6000 r-xp 00000000 08:02 3438441                    /usr/lib/jvm/java-8-oracle/jre/lib/amd64/libjava.so
7f655aef6000-7f655b0f5000 ---p 0002b000 08:02 3438441                    /usr/lib/jvm/java-8-oracle/jre/lib/amd64/libjava.so
7f655b0f5000-7f655b0f7000 rw-p 0002a000 08:02 3438441                    /usr/lib/jvm/java-8-oracle/jre/lib/amd64/libjava.so
7f655b0f7000-7f655b104000 r-xp 00000000 08:02 3438393                    /usr/lib/jvm/java-8-oracle/jre/lib/amd64/libverify.so
7f655b104000-7f655b303000 ---p 0000d000 08:02 3438393                    /usr/lib/jvm/java-8-oracle/jre/lib/amd64/libverify.so
7f655b303000-7f655b305000 rw-p 0000c000 08:02 3438393                    /usr/lib/jvm/java-8-oracle/jre/lib/amd64/libverify.so
7f655b305000-7f655b30c000 r-xp 00000000 08:02 3169140                    /lib/x86_64-linux-gnu/librt-2.23.so
7f655b30c000-7f655b50b000 ---p 00007000 08:02 3169140                    /lib/x86_64-linux-gnu/librt-2.23.so
7f655b50b000-7f655b50c000 r--p 00006000 08:02 3169140                    /lib/x86_64-linux-gnu/librt-2.23.so
7f655b50c000-7f655b50d000 rw-p 00007000 08:02 3169140                    /lib/x86_64-linux-gnu/librt-2.23.so
7f655b50d000-7f655b615000 r-xp 00000000 08:02 3150871                    /lib/x86_64-linux-gnu/libm-2.23.so
7f655b615000-7f655b814000 ---p 00108000 08:02 3150871                    /lib/x86_64-linux-gnu/libm-2.23.so
7f655b814000-7f655b815000 r--p 00107000 08:02 3150871                    /lib/x86_64-linux-gnu/libm-2.23.so
7f655b815000-7f655b816000 rw-p 00108000 08:02 3150871                    /lib/x86_64-linux-gnu/libm-2.23.so
7f655b816000-7f655c4e4000 r-xp 00000000 08:02 3438444                    /usr/lib/jvm/java-8-oracle/jre/lib/amd64/server/libjvm.so
7f655c4e4000-7f655c6e4000 ---p 00cce000 08:02 3438444                    /usr/lib/jvm/java-8-oracle/jre/lib/amd64/server/libjvm.so
7f655c6e4000-7f655c7bd000 rw-p 00cce000 08:02 3438444                    /usr/lib/jvm/java-8-oracle/jre/lib/amd64/server/libjvm.so
7f655c7bd000-7f655c808000 rw-p 00000000 00:00 0 
7f655c808000-7f655c9c7000 r-xp 00000000 08:02 3169132                    /lib/x86_64-linux-gnu/libc-2.23.so
7f655c9c7000-7f655cbc7000 ---p 001bf000 08:02 3169132                    /lib/x86_64-linux-gnu/libc-2.23.so
7f655cbc7000-7f655cbcb000 r--p 001bf000 08:02 3169132                    /lib/x86_64-linux-gnu/libc-2.23.so
7f655cbcb000-7f655cbcd000 rw-p 001c3000 08:02 3169132                    /lib/x86_64-linux-gnu/libc-2.23.so
7f655cbcd000-7f655cbd1000 rw-p 00000000 00:00 0 
7f655cbd1000-7f655cbd4000 r-xp 00000000 08:02 3150869                    /lib/x86_64-linux-gnu/libdl-2.23.so
7f655cbd4000-7f655cdd3000 ---p 00003000 08:02 3150869                    /lib/x86_64-linux-gnu/libdl-2.23.so
7f655cdd3000-7f655cdd4000 r--p 00002000 08:02 3150869                    /lib/x86_64-linux-gnu/libdl-2.23.so
7f655cdd4000-7f655cdd5000 rw-p 00003000 08:02 3150869                    /lib/x86_64-linux-gnu/libdl-2.23.so
7f655cdd5000-7f655cdea000 r-xp 00000000 08:02 4338697                    /usr/lib/jvm/java-8-oracle/lib/amd64/jli/libjli.so
7f655cdea000-7f655cfea000 ---p 00015000 08:02 4338697                    /usr/lib/jvm/java-8-oracle/lib/amd64/jli/libjli.so
7f655cfea000-7f655cfeb000 rw-p 00015000 08:02 4338697                    /usr/lib/jvm/java-8-oracle/lib/amd64/jli/libjli.so
7f655cfeb000-7f655d003000 r-xp 00000000 08:02 3169144                    /lib/x86_64-linux-gnu/libpthread-2.23.so
7f655d003000-7f655d202000 ---p 00018000 08:02 3169144                    /lib/x86_64-linux-gnu/libpthread-2.23.so
7f655d202000-7f655d203000 r--p 00017000 08:02 3169144                    /lib/x86_64-linux-gnu/libpthread-2.23.so
7f655d203000-7f655d204000 rw-p 00018000 08:02 3169144                    /lib/x86_64-linux-gnu/libpthread-2.23.so
7f655d204000-7f655d208000 rw-p 00000000 00:00 0 
7f655d208000-7f655d22e000 r-xp 00000000 08:02 3169134                    /lib/x86_64-linux-gnu/ld-2.23.so
7f655d22e000-7f655d22f000 r--s 00004000 08:02 4066368                    /home/robertj/.gradle/wrapper/dists/gradle-2.14.1-all/8bnwg5hd3w55iofp58khbp6yv/gradle-2.14.1/lib/ant-launcher-1.9.6.jar
7f655d22f000-7f655d307000 rw-p 00000000 00:00 0 
7f655d307000-7f655d30a000 ---p 00000000 00:00 0 
7f655d30a000-7f655d40c000 rw-p 00000000 00:00 0 
7f655d40c000-7f655d417000 r--s 00051000 08:02 4066328                    /home/robertj/.gradle/wrapper/dists/gradle-2.14.1-all/8bnwg5hd3w55iofp58khbp6yv/gradle-2.14.1/lib/gradle-launcher-2.14.1.jar
7f655d417000-7f655d41b000 r--s 0009a000 08:02 3438366                    /usr/lib/jvm/java-8-oracle/jre/lib/jsse.jar
7f655d41b000-7f655d41d000 r--s 0000b000 08:02 3833008                    /home/robertj/AndroidStudioProjects/ShatApp/android/gradle/wrapper/gradle-wrapper.jar
7f655d41d000-7f655d425000 rw-s 00000000 08:02 2254185                    /tmp/hsperfdata_robertj/17606
7f655d425000-7f655d426000 rw-p 00000000 00:00 0 
7f655d426000-7f655d427000 ---p 00000000 00:00 0 
7f655d427000-7f655d429000 rw-p 00000000 00:00 0 
7f655d429000-7f655d42b000 r--p 00000000 00:00 0                          [vvar]
7f655d42b000-7f655d42d000 r-xp 00000000 00:00 0                          [vdso]
7f655d42d000-7f655d42e000 r--p 00025000 08:02 3169134                    /lib/x86_64-linux-gnu/ld-2.23.so
7f655d42e000-7f655d42f000 rw-p 00026000 08:02 3169134                    /lib/x86_64-linux-gnu/ld-2.23.so
7f655d42f000-7f655d430000 rw-p 00000000 00:00 0 
7ffcb65db000-7ffcb65fd000 rw-p 00000000 00:00 0                          [stack]
ffffffffff600000-ffffffffff601000 r-xp 00000000 00:00 0                  [vsyscall]

VM Arguments:
jvm_args: -Dorg.gradle.appname=gradlew 
java_command: org.gradle.wrapper.GradleWrapperMain installDebug
java_class_path (initial): /home/robertj/AndroidStudioProjects/ShatApp/android/gradle/wrapper/gradle-wrapper.jar
Launcher Type: SUN_STANDARD

Environment Variables:
JAVA_HOME=/usr/lib/jvm/java-8-oracle
PATH=/home/robertj/Desktop/Gradle/bin:/home/robertj/.rbenv/shims:/home/robertj/.rbenv/bin:/home/robertj/.rbenv/plugins/ruby-build/bin:/home/robertj/.nvm/versions/node/v6.9.5/bin:/home/robertj/bin:/home/robertj/.local/bin:/usr/local/sbin:/usr/local/bin:/usr/sbin:/usr/bin:/sbin:/bin:/usr/games:/usr/local/games:/snap/bin:/usr/lib/jvm/java-8-oracle/bin:/usr/lib/jvm/java-8-oracle/db/bin:/usr/lib/jvm/java-8-oracle/jre/bin:/home/robertj/Android/Sdk/tools:/home/robertj/Android/Sdk/platform-tools
SHELL=/usr/bin/zsh
DISPLAY=:0

Signal Handlers:
SIGSEGV: [libjvm.so+0xac78c0], sa_mask[0]=11111111011111111101111111111110, sa_flags=SA_RESTART|SA_SIGINFO
SIGBUS: [libjvm.so+0xac78c0], sa_mask[0]=11111111011111111101111111111110, sa_flags=SA_RESTART|SA_SIGINFO
SIGFPE: [libjvm.so+0x920ac0], sa_mask[0]=11111111011111111101111111111110, sa_flags=SA_RESTART|SA_SIGINFO
SIGPIPE: [libjvm.so+0x920ac0], sa_mask[0]=11111111011111111101111111111110, sa_flags=SA_RESTART|SA_SIGINFO
SIGXFSZ: [libjvm.so+0x920ac0], sa_mask[0]=11111111011111111101111111111110, sa_flags=SA_RESTART|SA_SIGINFO
SIGILL: [libjvm.so+0x920ac0], sa_mask[0]=11111111011111111101111111111110, sa_flags=SA_RESTART|SA_SIGINFO
SIGUSR1: SIG_DFL, sa_mask[0]=00000000000000000000000000000000, sa_flags=none
SIGUSR2: [libjvm.so+0x922300], sa_mask[0]=00000000000000000000000000000000, sa_flags=SA_RESTART|SA_SIGINFO
SIGHUP: [libjvm.so+0x923700], sa_mask[0]=11111111011111111101111111111110, sa_flags=SA_RESTART|SA_SIGINFO
SIGINT: [libjvm.so+0x923700], sa_mask[0]=11111111011111111101111111111110, sa_flags=SA_RESTART|SA_SIGINFO
SIGTERM: [libjvm.so+0x923700], sa_mask[0]=11111111011111111101111111111110, sa_flags=SA_RESTART|SA_SIGINFO
SIGQUIT: [libjvm.so+0x923700], sa_mask[0]=11111111011111111101111111111110, sa_flags=SA_RESTART|SA_SIGINFO


---------------  S Y S T E M  ---------------

OS:DISTRIB_ID=Ubuntu
DISTRIB_RELEASE=16.04
DISTRIB_CODENAME=xenial
DISTRIB_DESCRIPTION="Ubuntu 16.04.2 LTS"

uname:Linux 4.4.0-72-generic #93-Ubuntu SMP Fri Mar 31 14:07:41 UTC 2017 x86_64
libc:glibc 2.23 NPTL 2.23 
rlimit: STACK 8192k, CORE 0k, NPROC 15140, NOFILE 65536, AS infinity
load average:4,02 2,13 1,14

/proc/meminfo:
MemTotal:        3959328 kB
MemFree:           96956 kB
MemAvailable:      13868 kB
Buffers:             952 kB
Cached:           577436 kB
SwapCached:         7432 kB
Active:          2660300 kB
Inactive:         915608 kB
Active(anon):    2644528 kB
Inactive(anon):   899196 kB
Active(file):      15772 kB
Inactive(file):    16412 kB
Unevictable:         152 kB
Mlocked:             152 kB
SwapTotal:       4108284 kB
SwapFree:              0 kB
Dirty:               156 kB
Writeback:             0 kB
AnonPages:       2993020 kB
Mapped:           219924 kB
Shmem:            544856 kB
Slab:             104384 kB
SReclaimable:      46492 kB
SUnreclaim:        57892 kB
KernelStack:       16864 kB
PageTables:        76032 kB
NFS_Unstable:          0 kB
Bounce:                0 kB
WritebackTmp:          0 kB
CommitLimit:     6087948 kB
Committed_AS:   16884608 kB
VmallocTotal:   34359738367 kB
VmallocUsed:           0 kB
VmallocChunk:          0 kB
HardwareCorrupted:     0 kB
AnonHugePages:    661504 kB
CmaTotal:              0 kB
CmaFree:               0 kB
HugePages_Total:       0
HugePages_Free:        0
HugePages_Rsvd:        0
HugePages_Surp:        0
Hugepagesize:       2048 kB
DirectMap4k:      247616 kB
DirectMap2M:     3860480 kB
DirectMap1G:     1048576 kB


CPU:total 4 (2 cores per cpu, 2 threads per core) family 6 model 61 stepping 4, cmov, cx8, fxsr, mmx, sse, sse2, sse3, ssse3, sse4.1, sse4.2, popcnt, avx, avx2, aes, clmul, erms, 3dnowpref, lzcnt, ht, tsc, tscinvbit, bmi1, bmi2, adx

/proc/cpuinfo:
processor	: 0
vendor_id	: GenuineIntel
cpu family	: 6
model		: 61
model name	: Intel(R) Core(TM) i3-5005U CPU @ 2.00GHz
stepping	: 4
microcode	: 0x22
cpu MHz		: 1900.000
cache size	: 3072 KB
physical id	: 0
siblings	: 4
core id		: 0
cpu cores	: 2
apicid		: 0
initial apicid	: 0
fpu		: yes
fpu_exception	: yes
cpuid level	: 20
wp		: yes
flags		: fpu vme de pse tsc msr pae mce cx8 apic sep mtrr pge mca cmov pat pse36 clflush dts acpi mmx fxsr sse sse2 ss ht tm pbe syscall nx pdpe1gb rdtscp lm constant_tsc arch_perfmon pebs bts rep_good nopl xtopology nonstop_tsc aperfmperf eagerfpu pni pclmulqdq dtes64 monitor ds_cpl vmx est tm2 ssse3 sdbg fma cx16 xtpr pdcm pcid sse4_1 sse4_2 x2apic movbe popcnt tsc_deadline_timer aes xsave avx f16c rdrand lahf_lm abm 3dnowprefetch epb intel_pt tpr_shadow vnmi flexpriority ept vpid fsgsbase tsc_adjust bmi1 avx2 smep bmi2 erms invpcid rdseed adx smap xsaveopt dtherm arat pln pts
bugs		:
bogomips	: 3990.74
clflush size	: 64
cache_alignment	: 64
address sizes	: 39 bits physical, 48 bits virtual
power management:

processor	: 1
vendor_id	: GenuineIntel
cpu family	: 6
model		: 61
model name	: Intel(R) Core(TM) i3-5005U CPU @ 2.00GHz
stepping	: 4
microcode	: 0x22
cpu MHz		: 1900.000
cache size	: 3072 KB
physical id	: 0
siblings	: 4
core id		: 1
cpu cores	: 2
apicid		: 2
initial apicid	: 2
fpu		: yes
fpu_exception	: yes
cpuid level	: 20
wp		: yes
flags		: fpu vme de pse tsc msr pae mce cx8 apic sep mtrr pge mca cmov pat pse36 clflush dts acpi mmx fxsr sse sse2 ss ht tm pbe syscall nx pdpe1gb rdtscp lm constant_tsc arch_perfmon pebs bts rep_good nopl xtopology nonstop_tsc aperfmperf eagerfpu pni pclmulqdq dtes64 monitor ds_cpl vmx est tm2 ssse3 sdbg fma cx16 xtpr pdcm pcid sse4_1 sse4_2 x2apic movbe popcnt tsc_deadline_timer aes xsave avx f16c rdrand lahf_lm abm 3dnowprefetch epb intel_pt tpr_shadow vnmi flexpriority ept vpid fsgsbase tsc_adjust bmi1 avx2 smep bmi2 erms invpcid rdseed adx smap xsaveopt dtherm arat pln pts
bugs		:
bogomips	: 3990.74
clflush size	: 64
cache_alignment	: 64
address sizes	: 39 bits physical, 48 bits virtual
power management:

processor	: 2
vendor_id	: GenuineIntel
cpu family	: 6
model		: 61
model name	: Intel(R) Core(TM) i3-5005U CPU @ 2.00GHz
stepping	: 4
microcode	: 0x22
cpu MHz		: 1900.156
cache size	: 3072 KB
physical id	: 0
siblings	: 4
core id		: 0
cpu cores	: 2
apicid		: 1
initial apicid	: 1
fpu		: yes
fpu_exception	: yes
cpuid level	: 20
wp		: yes
flags		: fpu vme de pse tsc msr pae mce cx8 apic sep mtrr pge mca cmov pat pse36 clflush dts acpi mmx fxsr sse sse2 ss ht tm pbe syscall nx pdpe1gb rdtscp lm constant_tsc arch_perfmon pebs bts rep_good nopl xtopology nonstop_tsc aperfmperf eagerfpu pni pclmulqdq dtes64 monitor ds_cpl vmx est tm2 ssse3 sdbg fma cx16 xtpr pdcm pcid sse4_1 sse4_2 x2apic movbe popcnt tsc_deadline_timer aes xsave avx f16c rdrand lahf_lm abm 3dnowprefetch epb intel_pt tpr_shadow vnmi flexpriority ept vpid fsgsbase tsc_adjust bmi1 avx2 smep bmi2 erms invpcid rdseed adx smap xsaveopt dtherm arat pln pts
bugs		:
bogomips	: 3990.74
clflush size	: 64
cache_alignment	: 64
address sizes	: 39 bits physical, 48 bits virtual
power management:

processor	: 3
vendor_id	: GenuineIntel
cpu family	: 6
model		: 61
model name	: Intel(R) Core(TM) i3-5005U CPU @ 2.00GHz
stepping	: 4
microcode	: 0x22
cpu MHz		: 1900.000
cache size	: 3072 KB
physical id	: 0
siblings	: 4
core id		: 1
cpu cores	: 2
apicid		: 3
initial apicid	: 3
fpu		: yes
fpu_exception	: yes
cpuid level	: 20
wp		: yes
flags		: fpu vme de pse tsc msr pae mce cx8 apic sep mtrr pge mca cmov pat pse36 clflush dts acpi mmx fxsr sse sse2 ss ht tm pbe syscall nx pdpe1gb rdtscp lm constant_tsc arch_perfmon pebs bts rep_good nopl xtopology nonstop_tsc aperfmperf eagerfpu pni pclmulqdq dtes64 monitor ds_cpl vmx est tm2 ssse3 sdbg fma cx16 xtpr pdcm pcid sse4_1 sse4_2 x2apic movbe popcnt tsc_deadline_timer aes xsave avx f16c rdrand lahf_lm abm 3dnowprefetch epb intel_pt tpr_shadow vnmi flexpriority ept vpid fsgsbase tsc_adjust bmi1 avx2 smep bmi2 erms invpcid rdseed adx smap xsaveopt dtherm arat pln pts
bugs		:
bogomips	: 3990.74
clflush size	: 64
cache_alignment	: 64
address sizes	: 39 bits physical, 48 bits virtual
power management:



Memory: 4k page, physical 3959328k(96832k free), swap 4108284k(4k free)

vm_info: Java HotSpot(TM) 64-Bit Server VM (25.121-b13) for linux-amd64 JRE (1.8.0_121-b13), built on Dec 12 2016 16:36:53 by "java_re" with gcc 4.3.0 20080428 (Red Hat 4.3.0-8)

time: Tue Apr 25 15:01:45 2017
elapsed time: 11 seconds (0d 0h 0m 11s)

